IQ-TREE multicore version 2.2.2.7 COVID-edition for Linux 64-bit built Jun  7 2023
Developed by Bui Quang Minh, James Barbetti, Nguyen Lam Tung,
Olga Chernomor, Heiko Schmidt, Dominik Schrempf, Michael Woodhams, Ly Trong Nhan.

Host:    aptp (AVX512, FMA3, 31 GB RAM)
Command: iqtree2 -ntmax 1 -s results/aligned-delim.fasta -m GTR -ninit 2 -n 2 -me 0.05 -nt AUTO -redo
Seed:    179590 (Using SPRNG - Scalable Parallel Random Number Generator)
Time:    Thu Jul 20 09:43:18 2023
Kernel:  AVX+FMA - auto-detect threads (8 CPU cores detected)

Reading alignment file results/aligned-delim.fasta ... Fasta format detected
Reading fasta file: done in 0.129894 secs using 96.9% CPU
Alignment most likely contains DNA/RNA sequences
Constructing alignment: done in 0.0760677 secs using 78.9% CPU
Alignment has 998 sequences with 11029 columns, 8132 distinct patterns
5856 parsimony-informative, 2428 singleton sites, 2745 constant sites
            Gap/Ambiguity  Composition  p-value
Analyzing sequences: done in 0.0356035 secs using 99.98% CPU
   1  HW816192.1    0.00%    passed     87.52%
   2  HC467807.1    0.00%    passed     87.52%
   3  KC407667.1    0.00%    passed     87.08%
   4  CS543188.1    0.00%    passed     89.39%
   5  AB185916.1    0.00%    passed     88.45%
   6  AB185917.1    0.00%    passed     88.45%
   7  FJ411043.1    0.00%    passed     88.54%
   8  AB185914.2    0.00%    passed     89.52%
   9  AB185915.2    0.00%    passed     90.34%
  10  MT840692.1    0.00%    passed     88.57%
  11  MT840698.1    0.00%    passed     89.11%
  12  MT840693.1    0.00%    passed     88.57%
  13  MT840690.1    0.76%    passed     90.00%
  14  MT840697.1    0.05%    passed     87.84%
  15  MW420987.1    0.63%    passed     91.20%
  16  MW420988.1    2.07%    passed     93.11%
  17  MW420989.1    2.12%    passed     93.73%
  18  ON782107.1   40.09%    passed     41.21%
  19  HM488128.1    3.74%    passed     94.73%
  20  KU978766.1    0.32%    passed     84.88%
  21  JN716371.1    2.49%    passed     91.96%
  22  JN716372.1    2.49%    passed     91.41%
  23  HH961658.1    0.49%    passed     90.58%
  24  AF206518.2    0.49%    passed     90.58%
  25  KJ501297.1    0.46%    passed     92.50%
  26  KJ501365.1    0.46%    passed     93.60%
  27  JN819312.1    4.03%    passed     88.33%
  28  JN819313.1    5.38%    passed     91.02%
  29  HM488157.1    3.48%    passed     90.75%
  30  JN819307.1    4.03%    passed     90.56%
  31  JN819310.1    4.06%    passed     88.17%
  32  KJ501315.1    0.02%    passed     90.26%
  33  DQ164195.1    0.00%    passed     89.50%
  34  KJ501452.1    0.45%    passed     92.73%
  35  KJ501464.1    0.61%    passed     91.69%
  36  HQ671693.1    3.76%    passed     91.62%
  37  HQ671694.1    3.77%    passed     90.76%
  38  JF357960.1    3.70%    passed     89.51%
  39  KJ501376.1    5.14%    passed     92.08%
  40  KJ501331.1    0.63%    passed     90.28%
  41  JN819320.1    5.58%    passed     92.35%
  42  HM488138.1    3.70%    passed     90.59%
  43  HM488177.1    3.70%    passed     91.28%
  44  HM756648.1    3.70%    passed     88.39%
  45  DQ164199.1    0.00%    passed     91.43%
  46  KJ145816.1   25.16%    passed     82.16%
  47  CS568918.1    0.00%    passed     91.45%
  48  KX547266.1    2.19%    passed     90.31%
  49  KX547182.1    2.19%    passed     90.86%
  50  KX547459.1    2.19%    passed     91.20%
  51  KX547620.1    2.19%    passed     90.58%
  52  KX547603.1    2.19%    passed     90.62%
  53  KX547454.1    2.19%    passed     91.02%
  54  KX547444.1    2.19%    passed     92.20%
  55  KX547439.1    2.19%    passed     90.60%
  56  KX547298.1    2.19%    passed     91.20%
  57  KX547415.1    2.19%    passed     91.79%
  58  KX547302.1    2.19%    passed     88.11%
  59  KX547613.1    2.19%    passed     90.08%
  60  KJ501447.1    0.41%    passed     93.74%
  61  JN819305.1    3.74%    passed     91.05%
  62  JN819318.1    4.03%    passed     92.01%
  63  JN819308.1    4.94%    passed     92.47%
  64  MZ595330.1    0.00%    passed     90.04%
  65  MZ595333.1    0.00%    passed     89.97%
  66  MZ595336.1    0.01%    passed     90.44%
  67  MZ595334.1    0.01%    passed     88.83%
  68  JN819314.1    5.59%    passed     89.99%
  69  KJ501314.1    0.00%    passed     89.71%
  70  KJ501525.1    0.01%    passed     90.14%
  71  MH166886.1    0.02%    passed     84.75%
  72  KJ501394.1    0.40%    passed     89.47%
  73  MH170273.1    0.14%    passed     87.12%
  74  KJ501234.1    0.01%    passed     87.55%
  75  KJ501393.1    0.74%    passed     92.00%
  76  DQ080071.1    0.26%    passed     89.08%
  77  JN819309.1    5.12%    passed     85.79%
  78  KR107956.1    5.39%    passed     91.38%
  79  JX503088.1    0.00%    passed     86.96%
  80  JX503091.1    0.00%    passed     86.96%
  81  JN819317.1    3.94%    passed     91.82%
  82  JN817352.1    8.68%    passed     90.78%
  83  JF899535.1    4.07%    passed     90.43%
  84  JF730040.1    4.03%    passed     90.56%
  85  HQ671684.1    4.03%    passed     90.56%
  86  HQ891009.1    4.03%    passed     90.56%
  87  HQ891013.1    4.03%    passed     90.56%
  88  HQ671683.1    2.21%    passed     90.50%
  89  HQ671670.1    3.31%    passed     87.27%
  90  HQ671734.1   10.71%    passed     95.25%
  91  JN183893.1    3.80%    passed     90.68%
  92  JN183896.1    3.69%    passed     90.88%
  93  JF899531.1    3.69%    passed     90.88%
  94  HQ671675.1    3.77%    passed     91.42%
  95  JF899533.1    3.69%    passed     91.39%
  96  HQ705673.1    3.70%    passed     91.28%
  97  HQ705670.1    3.68%    passed     91.36%
  98  JF899536.1    3.88%    passed     91.47%
  99  HQ671691.1    3.74%    passed     91.54%
 100  HQ705672.1    3.68%    passed     90.11%
 101  HQ671688.1    3.72%    passed     90.91%
 102  HQ671689.1    3.72%    passed     90.44%
 103  HQ705675.1    3.71%    passed     91.19%
 104  HQ671678.1    5.15%    passed     93.12%
 105  JF357959.1    4.38%    passed     87.97%
 106  HQ671681.1    3.61%    passed     91.08%
 107  HQ671672.1    3.81%    passed     91.42%
 108  KJ501352.1    0.47%    passed     93.74%
 109  CS568916.1    0.00%    passed     90.44%
 110  EU155484.1    1.89%    passed     91.04%
 111  DQ431696.1    4.64%    passed     90.64%
 112  DQ431699.1    4.63%    passed     91.63%
 113  MH166915.1    0.09%    passed     91.07%
 114  MH819461.1    5.95%    passed     91.84%
 115  JN819311.1    5.24%    passed     84.16%
 116  KX547441.1    4.04%    passed     89.80%
 117  KX547502.1    2.19%    passed     89.92%
 118  KX547501.1    2.19%    passed     90.49%
 119  KX547471.1    2.19%    passed     91.73%
 120  DQ080063.1    0.50%    passed     91.83%
 121  DQ080069.1    0.49%    passed     91.54%
 122  DQ080064.1    0.26%    passed     91.39%
 123  DQ080066.1    0.25%    passed     90.72%
 124  DQ080068.1    0.26%    passed     90.49%
 125  DQ080067.1    0.25%    passed     89.86%
 126  DQ080070.1    0.25%    passed     91.24%
 127  DQ080065.1    0.31%    passed     89.30%
 128  KY782110.1    0.39%    passed     89.70%
 129  MH819448.1    5.95%    passed     91.48%
 130  MH819451.1    5.94%    passed     88.34%
 131  MH819458.1    5.97%    passed     86.35%
 132  MH819457.1    5.99%    passed     89.36%
 133  MH819468.1    6.00%    passed     89.26%
 134  MH819455.1    5.94%    passed     91.51%
 135  MH819471.1    5.94%    passed     87.40%
 136  JF488091.1    1.70%    passed     97.39%
 137  HM488188.1    3.70%    passed     85.50%
 138  HQ671692.1    3.71%    passed     92.09%
 139  HQ671709.1    4.91%    passed     89.69%
 140  HM756674.1    6.58%    passed     92.83%
 141  HM488235.1    1.12%    passed     94.34%
 142  HQ671738.1   18.65%    passed     98.46%
 143  HM488123.1    5.26%    passed     92.41%
 144  MH819464.1    5.95%    passed     92.00%
 145  MH507828.1    6.59%    passed     86.11%
 146  MH507912.1    6.59%    passed     84.05%
 147  MH507941.1    6.99%    passed     83.49%
 148  KR348991.1    6.62%    passed     84.39%
 149  KR348955.1    6.62%    passed     83.50%
 150  KR348948.1    6.62%    passed     85.10%
 151  KJ501389.1    1.80%    passed     91.41%
 152  KJ501420.1    0.41%    passed     92.80%
 153  KR349014.1    6.98%    passed     87.74%
 154  KR348933.1    6.62%    passed     83.16%
 155  KR348934.1    6.62%    passed     88.03%
 156  KR348922.1    6.62%    passed     89.36%
 157  KR349019.1    8.11%    passed     92.29%
 158  JF957167.1    0.12%    passed     86.68%
 159  JF957171.1    0.12%    passed     89.38%
 160  MH507851.1    6.93%    passed     87.82%
 161  MH507906.1    6.59%    passed     88.10%
 162  MH507921.1    6.59%    passed     86.53%
 163  KR348990.1    8.11%    passed     91.20%
 164  KR348992.1    8.11%    passed     88.43%
 165  KR348986.1    7.50%    passed     90.68%
 166  KR348975.1   10.31%    passed     96.94%
 167  KR348979.1    8.11%    passed     89.16%
 168  MH508007.1    6.59%    passed     86.21%
 169  KR348931.1    6.62%    passed     83.43%
 170  KR348978.1    8.11%    passed     88.01%
 171  KR348988.1    8.11%    passed     88.67%
 172  KR348981.1   10.04%    passed     91.22%
 173  GQ507469.1    4.81%    passed     90.41%
 174  KX547209.1    2.19%    passed     91.15%
 175  KR348926.1    6.62%    passed     90.68%
 176  KR348929.1    6.62%    passed     89.77%
 177  KR348937.1    6.62%    passed     88.77%
 178  KR348944.1    6.62%    passed     88.86%
 179  KX547240.1    2.19%    passed     91.44%
 180  KX547355.1    2.19%    passed     88.85%
 181  KY782123.1    0.39%    passed     90.53%
 182  MH170265.1    0.21%    passed     87.08%
 183  JN819325.1    6.95%    passed     88.52%
 184  JN819316.1    4.03%    passed     90.99%
 185  JF957182.1    0.00%    passed     87.26%
 186  MA388207.1   19.86%    passed     70.67%
 187  LQ460608.1   19.86%    passed     70.67%
 188  AY289214.1    0.00%    passed     87.78%
 189  KU978769.1    0.08%    passed     88.93%
 190  JN051152.1    0.29%    passed     91.15%
 191  JN051153.1    0.28%    passed     90.28%
 192  AY660002.1    0.00%    passed     89.20%
 193  HM152773.1    1.50%    passed     84.50%
 194  KX547168.1    2.19%    passed     88.74%
 195  JX015518.1    0.25%    passed     92.50%
 196  JX015520.1    0.73%    passed     92.72%
 197  MH507626.1    6.59%    passed     92.88%
 198  MH507637.1    6.59%    passed     92.57%
 199  KR348950.1    6.62%    passed     93.55%
 200  KJ501130.1    0.24%    passed     93.26%
 201  MH507638.1    6.59%    passed     91.17%
 202  MH507641.1    6.59%    passed     91.41%
 203  MH507959.1    7.00%    passed     89.93%
 204  MH507646.1    6.59%    passed     92.49%
 205  MH507708.1    6.59%    passed     88.79%
 206  MH507919.1    6.59%    passed     90.69%
 207  KR348997.1    7.44%    passed     91.32%
 208  KR348995.1    7.34%    passed     87.76%
 209  KR348923.1    6.62%    passed     90.93%
 210  KR348927.1    6.62%    passed     90.86%
 211  KR348925.1    6.62%    passed     90.91%
 212  KR348945.1    6.62%    passed     90.86%
 213  KR349024.1    8.11%    passed     92.53%
 214  KJ501105.1    1.25%    passed     89.32%
 215  KR349010.1    6.62%    passed     91.24%
 216  KR349016.1    6.92%    passed     91.86%
 217  KR349008.1    6.77%    passed     87.89%
 218  KR348974.1    8.49%    passed     94.09%
 219  KR349018.1    8.11%    passed     92.03%
 220  KR348998.1    8.11%    passed     90.86%
 221  KR349011.1    7.39%    passed     92.28%
 222  DQ431710.1    1.72%    passed     89.46%
 223  KR348939.1    6.62%    passed     87.22%
 224  MH507710.1    6.59%    passed     88.01%
 225  KR348920.1    6.62%    passed     90.87%
 226  KR348966.1    6.62%    passed     86.82%
 227  MH507721.1    6.59%    passed     88.70%
 228  KR348983.1    6.99%    passed     90.54%
 229  KR348980.1    8.11%    passed     90.62%
 230  MH507711.1    6.59%    passed     90.42%
 231  KR348953.1    6.62%    passed     89.47%
 232  KR348970.1    6.62%    passed     91.41%
 233  KR349020.1    6.62%    passed     87.82%
 234  KR348969.1    6.62%    passed     89.45%
 235  KR348972.1    6.62%    passed     89.39%
 236  DQ080060.1    0.52%    passed     93.37%
 237  KR349000.1    8.11%    passed     89.97%
 238  KR349017.1    8.11%    passed     89.18%
 239  KJ501206.1    0.23%    passed     87.99%
 240  KJ501151.1    7.49%    passed     88.95%
 241  MH507768.1    6.59%    passed     86.67%
 242  KR348957.1    6.62%    passed     89.80%
 243  KR348958.1    6.62%    passed     89.60%
 244  KR349022.1    7.38%    passed     90.21%
 245  KR348963.1    6.62%    passed     87.13%
 246  KR348959.1    6.95%    passed     90.52%
 247  MH507781.1    6.59%    passed     88.67%
 248  KR349003.1    9.83%    passed     85.57%
 249  KR349005.1    8.11%    passed     91.03%
 250  KR349006.1    6.95%    passed     90.00%
 251  KR349026.1    8.11%    passed     90.38%
 252  KJ501178.1    0.94%    passed     89.91%
 253  KJ501180.1    4.23%    passed     91.11%
 254  MH507796.1   10.29%    passed     96.13%
 255  MH507801.1    6.59%    passed     89.57%
 256  KR348960.1    6.62%    passed     91.25%
 257  KR348965.1    6.62%    passed     90.93%
 258  MH507985.1    6.59%    passed     90.14%
 259  MH507800.1    6.92%    passed     89.23%
 260  MH819454.1    5.95%    passed     86.77%
 261  MH819469.1    5.94%    passed     89.35%
 262  MT968020.1    6.59%    passed     85.59%
 263  MH819447.1    5.96%    passed     89.48%
 264  MH819449.1    5.94%    passed     86.62%
 265  MH819456.1    5.94%    passed     88.81%
 266  KX547200.1    2.19%    passed     92.55%
 267  KX547491.1    2.19%    passed     91.81%
 268  KY229070.1    0.14%    passed     93.84%
 269  MH819452.1    6.07%    passed     87.29%
 270  MH819463.1    5.95%    passed     90.13%
 271  MH819470.1    5.95%    passed     90.13%
 272  KC333378.1    0.34%    passed     91.27%
 273  KX547183.1    2.19%    passed     89.64%
 274  MH819462.1    5.94%    passed     91.64%
 275  MF175867.1    0.05%    passed     91.50%
 276  OK573272.1    0.01%    passed     94.84%
 277  MH819453.1    5.94%    passed     86.06%
 278  KY782106.1    0.39%    passed     92.66%
 279  MH819459.1    5.94%    passed     82.96%
 280  MH819467.1    5.99%    passed     80.22%
 281  MH819465.1    5.95%    passed     82.05%
 282  KM012179.1    0.00%    passed     89.30%
 283  KJ501530.1    0.45%    passed     92.96%
 284  MH819460.1    5.95%    passed     83.26%
 285  KF367469.1    2.43%    passed     92.30%
 286  MH819466.1    5.97%    passed     81.53%
 287  KM012180.1    0.00%    passed     90.85%
 288  KX547407.1    2.19%    passed     91.64%
 289  KX547562.1    2.19%    passed     88.88%
 290  MH819446.1    5.95%    passed     69.67%
 291  MH819450.1    5.96%    passed     73.35%
 292  MF175863.1    0.10%    passed     91.74%
 293  KM012182.1    0.00%    passed     90.04%
 294  KX547216.1    2.19%    passed     93.13%
 295  KJ501408.1    0.69%    passed     90.12%
 296  JF415925.1    0.01%    passed     84.91%
 297  HM488206.1    4.42%    passed     79.89%
 298  MH507663.1    6.59%    passed     92.27%
 299  HM756677.1    3.74%    passed     90.02%
 300  GQ379160.1    0.01%    passed     85.25%
 301  HM756678.1    3.70%    passed     69.41%
 302  HQ671730.1    3.82%    passed     88.31%
 303  MH507616.1    6.59%    passed     81.18%
 304  MH507968.1    6.59%    passed     82.50%
 305  MH507967.1    6.59%    passed     82.27%
 306  MG004537.1    2.14%    passed     77.19%
 307  MH507749.1    7.13%    passed     82.23%
 308  KC333387.1    0.08%    passed     91.94%
 309  GQ379161.1    0.03%    passed     90.37%
 310  MH507818.1   20.65%    passed     70.33%
 311  MH507822.1    7.43%    passed     82.23%
 312  DQ118127.1    0.54%    passed     94.98%
 313  KJ145826.1   12.20%    passed     84.29%
 314  OP422646.1    0.10%    passed     87.37%
 315  ON782108.1    9.22%    passed     82.77%
 316  MT905060.1    1.23%    passed     82.54%
 317  MH643887.1    0.09%    passed     88.58%
 318  ON782109.1    7.58%    passed     91.87%
 319  OM202926.1    2.39%    passed     88.61%
 320  KJ501153.1   11.78%    passed     72.48%
 321  OP846977.1    8.39%    passed     92.70%
 322  JX442279.1    0.00%    passed     96.53%
 323  JX041634.1    0.50%    passed     96.49%
 324  AY278441.1    0.28%    passed     95.76%
 325  DQ411029.1    1.98%    passed     95.33%
 326  DQ374652.1    2.19%    passed     96.09%
 327  DQ411030.1    1.98%    passed     95.43%
 328  DQ411031.1    1.98%    passed     95.39%
 329  DQ411032.1    1.98%    passed     95.78%
 330  DQ411034.1    1.98%    passed     95.54%
 331  DQ374651.1    1.98%    passed     94.93%
 332  DQ377179.1    1.98%    passed     95.86%
 333  DQ377178.1    1.98%    passed     95.75%
 334  DQ377180.1    1.99%    passed     95.74%
 335  DQ374653.1    2.00%    passed     94.97%
 336  DQ411035.1    1.98%    passed     95.42%
 337  DQ411033.1    1.98%    passed     93.53%
 338  DQ374650.1    1.99%    passed     96.71%
 339  KC601756.1    0.73%    passed     93.26%
 340  OP850021.1    0.61%    passed     93.53%
 341  OP734265.1    0.63%    passed     94.88%
 342  OP734267.1    5.62%    passed     99.45%
 343  OP850022.1    0.58%    passed     96.25%
 344  OP734264.1    0.13%    passed     91.16%
 345  OP734272.1    3.35%    passed     98.94%
 346  OP734271.1    0.63%    passed     97.66%
 347  OP734262.1    0.57%    passed     92.15%
 348  OP734263.1    2.29%    passed     98.04%
 349  OP734268.1    6.93%    passed     92.32%
 350  OP734270.1    3.85%    passed     97.42%
 351  OP609790.1    1.84%    passed     92.11%
 352  OP009524.1    1.84%    passed     91.50%
 353  OP009520.1    1.84%    passed     92.11%
 354  OP609793.1    1.84%    passed     91.50%
 355  OP009521.1    1.84%    passed     91.06%
 356  OP609813.1    1.84%    passed     93.19%
 357  OP009522.1    1.77%    passed     91.08%
 358  OP609791.1    2.39%    passed     94.36%
 359  OP009525.1    2.52%    passed     95.31%
 360  OP609805.1    1.87%    passed     91.70%
 361  OP609806.1    1.85%    passed     93.66%
 362  OP609808.1    1.85%    passed     92.16%
 363  OP609807.1    1.85%    passed     93.20%
 364  OP609802.1    1.87%    passed     92.73%
 365  OP609797.1    2.45%    passed     94.63%
 366  OP609795.1    2.45%    passed     93.81%
 367  OP609799.1    1.97%    passed     92.52%
 368  OP609796.1    1.98%    passed     90.88%
 369  OP009523.1    1.85%    passed     90.94%
 370  OP609794.1    1.84%    passed     91.24%
 371  OP609792.1    2.11%    passed     93.96%
 372  OP609801.1    1.88%    passed     89.79%
 373  OP609811.1    1.86%    passed     89.61%
 374  OP609812.1    1.95%    passed     91.97%
 375  OP009518.1   37.72%    passed     93.94%
 376  OP009519.1   17.31%    passed     97.72%
 377  OP734274.1    6.92%    passed     77.19%
 378  OP734273.1   12.63%    passed     86.54%
 379  OP850023.1    7.71%    passed     85.49%
 380  MW627239.1    0.38%    passed     73.32%
 381  ON813215.1    0.74%    passed     84.35%
 382  ON813210.1    0.70%    passed     84.22%
 383  OP846978.1    8.39%    passed     85.67%
 384  OP846979.1    8.39%    passed     81.41%
 385  OP846980.1    8.39%    passed     92.79%
 386  OP846982.1    8.39%    passed     87.59%
 387  ON813214.1    1.87%    passed     58.55%
 388  MT863559.1    0.96%    passed     78.14%
 389  ON813211.1    0.65%    passed     81.21%
 390  OP846981.1    8.39%    passed     84.73%
 391  ON813212.1    0.58%    passed     84.36%
 392  ON813213.1    0.73%    passed     83.56%
 393  OP643863.1    6.61%    passed     90.96%
 394  OP643864.1    6.61%    passed     89.81%
 395  MW835352.1    7.05%    passed     86.46%
 396  MW835354.1    7.05%    passed     82.99%
 397  KU573077.1    1.43%    passed     86.36%
 398  FJ483549.1    0.00%    passed     89.08%
 399  JF719065.1    0.56%    passed     90.23%
 400  JF719067.1    0.94%    passed     89.75%
 401  JF719066.1    0.70%    passed     86.18%
 402  MW835355.1    6.59%    passed     90.44%
 403  KF234080.1    0.00%    passed     86.76%
 404  KU573079.1    2.34%    passed     82.67%
 405  MW835356.1    7.05%    passed     84.56%
 406  MW835357.1    7.05%    passed     84.56%
 407  MW835358.1    7.05%    passed     84.15%
 408  MW835363.1    7.05%    passed     86.27%
 409  MW835362.1    6.61%    passed     87.10%
 410  JF719069.1    0.35%    passed     85.75%
 411  AJ965628.2    0.49%    passed     77.08%
 412  AY701413.1    0.76%    passed     74.91%
 413  AY701412.1    0.76%    passed     76.06%
 414  AF404757.1    0.00%    passed     84.25%
 415  AY268132.1    0.36%    passed     83.70%
 416  DQ786572.1    0.83%    passed     91.90%
 417  DQ786573.1    0.83%    passed     91.90%
 418  HM152775.1    0.44%    passed     83.50%
 419  JF707789.1    1.17%    passed     89.63%
 420  FJ766331.1    0.63%    passed     95.53%
 421  FJ766332.1    0.62%    passed     94.82%
 422  OP846973.1    8.39%    passed     85.72%
 423  KY703854.1    6.59%    passed     89.64%
 424  AY262283.1    0.41%    passed     93.00%
 425  MN149538.1    0.34%    passed     93.60%
 426  AY277252.1    1.68%    passed     89.70%
 427  AY278442.1    1.70%    passed     90.53%
 428  AF317203.1    0.52%    passed     92.98%
 429  AF260969.1    0.00%    passed     95.15%
 430  KF647253.1    4.95%    passed     87.60%
 431  KC954092.1    2.25%    passed     95.60%
 432  JX556213.1    2.66%    passed     94.18%
 433  JQ928174.1    2.87%    passed     95.88%
 434  ON813216.1    0.76%    passed     85.78%
 435  JN858069.1    1.22%    passed     78.34%
 436  OU953895.1    3.94%    passed     90.32%
 437  HG994353.1    3.94%    passed     90.32%
 438  OU953896.1    5.32%    passed     82.89%
 439  HG994354.1    5.32%    passed     82.89%
 440  OU953897.1    5.56%    passed     80.20%
 441  HG994352.1    5.56%    passed     80.20%
 442  OU953898.1   11.51%    passed     55.28%
 443  HG994351.1   11.51%    passed     55.28%
 444  OP617270.1    0.46%    passed     71.91%
 445  MF797870.1    0.43%    passed     93.13%
 446  LC489409.1    6.59%    passed     85.25%
 447  OP846971.1    8.39%    passed     92.05%
 448  KJ958922.1    0.03%    passed     79.32%
 449  GQ851608.1    0.59%    passed     68.45%
 450  GQ851606.1    0.71%    passed     69.20%
 451  GQ851607.1    0.61%    passed     86.26%
 452  KU588135.1    4.97%    passed     97.39%
 453  KC243146.1    2.13%    passed     88.60%
 454  OP846974.1    8.39%    passed     97.41%
 455  OP846975.1    8.39%    passed     92.64%
 456  MW915462.1    1.00%    passed     89.92%
 457  KU978768.1    0.26%    passed     94.54%
 458  JX041633.1    8.31%    passed     95.78%
 459  KT163243.1    0.00%    passed     85.40%
 460  EU249803.1    0.00%    passed     86.78%
 461  EU081844.1    0.00%    passed     86.63%
 462  AF260968.1    0.00%    passed     86.63%
 463  AM404308.1    0.45%    passed     85.18%
 464  HM051416.1    0.00%    passed     86.49%
 465  JX041628.1    0.85%    passed     57.70%
 466  JX041629.1    1.19%    passed     66.48%
 467  JX041630.1    2.01%    passed     75.31%
 468  AY490240.2    0.01%    passed     56.08%
 469  JX070655.1    1.69%    passed     85.11%
 470  AY603654.1    0.00%    passed     72.59%
 471  MN954648.1    0.81%    passed     51.75%
 472  KX394382.1    2.44%    passed     37.25%
 473  KT934804.1    6.60%    passed     44.59%
 474  JN887352.1    0.97%    passed     46.32%
 475  JX123030.1    0.44%    passed     57.35%
 476  JX123031.1    0.43%    passed     54.08%
 477  KT934801.1    6.59%    passed     49.12%
 478  KT934800.1    6.59%    passed     43.04%
 479  KT934802.1    6.59%    passed     47.83%
 480  KT934797.1    6.59%    passed     43.38%
 481  GQ851603.1    0.43%    passed     49.43%
 482  KT934803.1    6.59%    passed     51.96%
 483  KX394395.1    2.08%    passed     39.94%
 484  KT934798.1    6.59%    passed     62.81%
 485  KT934799.1    6.59%    passed     58.77%
 486  KX394381.1    2.63%    passed     46.56%
 487  KX394383.1    1.30%    passed     58.22%
 488  KX394384.1    2.38%    passed     59.17%
 489  KX394390.1    2.89%    passed     50.97%
 490  KX394391.1    1.50%    passed     53.70%
 491  KX394387.1    1.51%    passed     54.58%
 492  KX394388.1    1.31%    passed     64.90%
 493  KX394411.1    3.29%    passed     50.45%
 494  KX394389.1    2.13%    passed     59.14%
 495  KX394385.1    1.78%    passed     62.97%
 496  KX394386.1    1.55%    passed     54.64%
 497  JX276662.1    0.93%    passed     53.46%
 498  KX394394.1    1.79%    passed     66.88%
 499  KX394392.1    2.09%    passed     50.14%
 500  KX394393.1    2.39%    passed     51.92%
 501  KX394407.1    2.39%    passed     53.52%
 502  KX394406.1    2.39%    passed     51.15%
 503  KX394403.1    1.31%    passed     57.00%
 504  KX394405.1    1.29%    passed     58.38%
 505  KX394408.1    2.39%    passed     51.37%
 506  KX394409.1    2.40%    passed     46.23%
 507  KX394404.1    2.17%    passed     48.22%
 508  KX394410.1    2.44%    passed     60.71%
 509  KX394396.1    2.18%    passed     51.86%
 510  GQ851602.1    0.44%    passed     71.96%
 511  KX394397.1    3.11%    passed     58.00%
 512  KX394398.1    1.59%    passed     59.13%
 513  AY274504.1    0.07%    passed     73.02%
 514  AY274505.1    0.07%    passed     74.97%
 515  D00246.1      3.32%    passed     67.24%
 516  KX394399.1    2.42%    passed     58.73%
 517  KX394400.1    2.47%    passed     63.10%
 518  KX394401.1    2.44%    passed     64.47%
 519  KX394402.1    2.40%    passed     65.38%
 520  KT934796.1    6.59%    passed     70.92%
 521  KU978770.1    0.30%    passed     14.32%
 522  DQ256376.1    0.18%    passed     21.47%
 523  GQ851604.1    4.93%    passed     24.49%
 524  JX041632.1    1.23%    passed     14.34%
 525  GQ851605.1    0.34%    passed     18.79%
 526  OR091151.1    7.43%    passed     75.49%
 527  OR091153.1    4.14%    passed     86.61%
 528  OR091154.1    1.84%    passed     86.60%
 529  OR091155.1    4.28%    passed     86.06%
 530  OR091156.1    3.35%    passed     85.82%
 531  OR091157.1    0.92%    passed     85.10%
 532  OR091158.1    1.88%    passed     84.42%
 533  OP734239.1    1.36%    passed     83.86%
 534  OP734240.1    1.34%    passed     81.07%
 535  OP734241.1    1.35%    passed     81.30%
 536  MW862108.1    6.59%    passed     85.62%
 537  OP561453.1    7.15%    passed     83.35%
 538  OP561455.1   15.75%    passed     67.16%
 539  OP561456.1    6.89%    passed     81.33%
 540  OP561457.1    6.38%    passed     81.54%
 541  OP561458.1    6.38%    passed     82.39%
 542  MH910045.1    6.38%    passed     82.75%
 543  MN939558.1    0.70%    passed     86.62%
 544  MN939559.1    0.70%    passed     86.55%
 545  MN939564.1    0.48%    passed     82.79%
 546  MN939561.1    0.45%    passed     85.46%
 547  MW862081.1    7.05%    passed     80.37%
 548  MW862084.1    7.05%    passed     80.85%
 549  MW862085.1    7.05%    passed     80.85%
 550  MW862087.1    6.59%    passed     85.12%
 551  MW862090.1    6.59%    passed     83.16%
 552  MW862093.1    6.60%    passed     84.39%
 553  MW862088.1    7.05%    passed     77.36%
 554  MW862092.1    6.59%    passed     84.31%
 555  MW862075.1    7.05%    passed     84.64%
 556  MW862076.1    7.05%    passed     84.47%
 557  MW862077.1    7.05%    passed     83.94%
 558  MW862080.1    7.05%    passed     82.78%
 559  MW862079.1    7.05%    passed     87.37%
 560  MW862078.1    7.05%    passed     80.63%
 561  MW862082.1    7.05%    passed     85.26%
 562  MW862089.1    7.05%    passed     81.70%
 563  MW862104.1    6.59%    passed     85.82%
 564  MW862106.1    6.59%    passed     85.82%
 565  MT863560.1    0.58%    passed     87.71%
 566  KU573082.1    1.41%    passed     76.85%
 567  KT207792.1    0.60%    passed     83.10%
 568  KP789958.1    0.55%    passed     86.13%
 569  KP789955.1    0.60%    passed     85.70%
 570  KP789957.1    0.56%    passed     86.20%
 571  MN939560.1    0.53%    passed     85.43%
 572  KP789959.1    1.03%    passed     86.60%
 573  MT863561.1    0.61%    passed     83.73%
 574  ON032488.1    0.84%    passed     86.07%
 575  MW862074.1    7.05%    passed     87.37%
 576  MW862083.1    7.05%    passed     87.95%
 577  MW862086.1    7.05%    passed     90.94%
 578  MW862095.1    6.59%    passed     91.20%
 579  MW862097.1    6.59%    passed     90.35%
 580  MW862100.1    6.60%    passed     90.15%
 581  MW862105.1    6.59%    passed     90.24%
 582  MW862098.1    6.61%    passed     90.80%
 583  MW862099.1    6.59%    passed     89.45%
 584  KU573081.1    2.57%    passed     83.22%
 585  KP789960.1    1.02%    passed     86.79%
 586  KF647252.1    2.04%    passed     90.96%
 587  KF588365.1    0.57%    passed     87.84%
 588  KF647249.1    0.68%    passed     91.28%
 589  OM037670.1    0.81%    passed     84.80%
 590  OM037672.1    0.79%    passed     85.06%
 591  OM037673.1    0.80%    passed     87.17%
 592  OM037671.1    0.94%    passed     81.95%
 593  ON032490.1    0.73%    passed     85.04%
 594  ON032492.1    0.68%    passed     86.53%
 595  OR091152.1    2.52%    passed     87.68%
 596  ON813232.1    1.89%    passed     86.05%
 597  ON032494.1    0.56%    passed     85.65%
 598  ON032493.1    0.77%    passed     80.26%
 599  ON032497.1    0.86%    passed     79.98%
 600  OP850027.1    3.20%    passed     77.94%
 601  OQ326499.1    6.59%    passed     90.00%
 602  MZ964752.1    6.59%    passed     90.10%
 603  MZ964753.1    6.59%    passed     90.36%
 604  MH986056.1    0.40%    passed     89.29%
 605  MH924836.1    0.10%    passed     90.60%
 606  MW142223.1    0.51%    passed     90.22%
 607  MW142227.1    0.51%    passed     88.62%
 608  MW142224.1    0.51%    passed     90.49%
 609  MW142226.1    0.51%    passed     89.13%
 610  MW142225.1   10.83%    passed     82.43%
 611  LR743453.1    0.38%    passed     90.14%
 612  OX451204.1    0.66%    passed     87.91%
 613  OX442287.1    0.69%    passed     87.90%
 614  OX442271.1    0.66%    passed     86.96%
 615  OX442276.1    0.66%    passed     87.03%
 616  OX442274.1    0.66%    passed     87.70%
 617  OX442303.1    0.66%    passed     85.75%
 618  OX442275.1    0.66%    passed     87.07%
 619  OX442277.1    0.66%    passed     88.06%
 620  OX442291.1    0.66%    passed     88.06%
 621  OX442295.1    0.66%    passed     86.23%
 622  OX442284.1    0.66%    passed     86.40%
 623  OX442308.1    0.66%    passed     86.87%
 624  OX442304.1    0.66%    passed     87.01%
 625  OX442278.1    0.66%    passed     87.01%
 626  OX442281.1    0.66%    passed     86.52%
 627  OX442280.1    0.66%    passed     89.53%
 628  OX442298.1    0.66%    passed     88.97%
 629  OX442282.1    0.66%    passed     85.18%
 630  OX442293.1    0.66%    passed     85.32%
 631  OX442297.1    0.66%    passed     85.94%
 632  OX442294.1    0.66%    passed     87.59%
 633  OX442302.1    0.66%    passed     87.59%
 634  OX442312.1    0.66%    passed     86.46%
 635  OX442347.1    0.66%    passed     85.41%
 636  OX442307.1    0.66%    passed     85.94%
 637  OX442289.1    0.66%    passed     85.98%
 638  OX442292.1    0.66%    passed     86.55%
 639  OX442283.1    0.66%    passed     88.25%
 640  OX442300.1    0.66%    passed     87.91%
 641  OX442296.1    0.66%    passed     87.59%
 642  OX442311.1    0.68%    passed     87.64%
 643  OX442301.1    0.66%    passed     83.39%
 644  OX442288.1    0.66%    passed     87.29%
 645  LR989885.1    0.36%    passed     86.50%
 646  LR743423.1    0.31%    passed     89.31%
 647  LR743426.1    0.35%    passed     88.51%
 648  LR743432.1    0.35%    passed     88.51%
 649  LR743427.1    0.38%    passed     88.20%
 650  LR743435.1    0.38%    passed     89.63%
 651  LR743443.1    0.19%    passed     87.83%
 652  LR743458.1    0.35%    passed     87.60%
 653  LR743429.1    1.19%    passed     90.22%
 654  LR743433.1    0.15%    passed     89.25%
 655  LR743436.1    0.18%    passed     90.17%
 656  LR743450.1    0.38%    passed     88.89%
 657  LR743456.1    0.38%    passed     89.88%
 658  LR743452.1    0.32%    passed     90.52%
 659  LR743449.1    0.39%    passed     89.59%
 660  LR743446.1    0.39%    passed     88.26%
 661  LR743457.1    0.35%    passed     88.89%
 662  LR743445.1    0.30%    passed     91.27%
 663  LR743430.1    0.33%    passed     87.98%
 664  LR743442.1    0.15%    passed     88.85%
 665  OX442279.1    0.69%    passed     89.22%
 666  OX442309.1    0.66%    passed     88.05%
 667  OX442285.1    0.75%    passed     86.28%
 668  LR743424.1    0.11%    passed     88.19%
 669  LR743428.1    0.20%    passed     87.43%
 670  LR743447.1    0.60%    passed     85.10%
 671  LR743455.1    0.60%    passed     86.31%
 672  MN794937.1    0.10%    passed     92.92%
 673  MN794938.1    0.10%    passed     90.22%
 674  MN794939.1    0.10%    passed     89.65%
 675  MH986055.1    0.30%    passed     89.62%
 676  LR989888.1    0.15%    passed     89.95%
 677  LR989893.1   55.54%    passed     51.70%
 678  LR743451.1    0.34%    passed     89.77%
 679  LR743421.1    0.30%    passed     90.52%
 680  OX442273.1    0.66%    passed     89.51%
 681  OK129334.1    0.86%    passed     89.34%
 682  OK129336.1    0.86%    passed     87.47%
 683  OK239671.1    0.86%    passed     89.60%
 684  OK239668.1    0.86%    passed     87.47%
 685  OK239664.1    0.86%    passed     88.57%
 686  OK239660.1    0.86%    passed     89.38%
 687  OK129335.1    0.86%    passed     83.70%
 688  OX442313.1    0.75%    passed     89.20%
 689  MN794935.1    0.21%    passed     90.98%
 690  OX442286.1    0.66%    passed     81.08%
 691  OX442290.1    0.66%    passed     81.08%
 692  OX442299.1    0.66%    passed     83.43%
 693  MH244510.1    0.33%    passed     89.53%
 694  MH244511.1    0.32%    passed     87.51%
 695  MF984347.1    0.63%    passed     87.26%
 696  KP109691.1    0.66%    passed     86.49%
 697  KM659876.1    0.30%    passed     87.98%
 698  KM203862.1    0.39%    passed     85.83%
 699  KM203861.1    0.44%    passed     79.68%
 700  OX442306.1    0.66%    passed     91.38%
 701  OX442348.1    0.67%    passed     90.11%
 702  MF984344.1    0.34%    passed     86.86%
 703  MF984337.1    0.64%    passed     83.74%
 704  MF984342.1    2.09%    passed     86.11%
 705  MF984340.1    2.09%    passed     87.13%
 706  KP109692.1    0.66%    passed     84.62%
 707  MF984346.1    2.10%    passed     90.04%
 708  LR743434.1    0.10%    passed     85.00%
 709  LR743437.1    0.45%    passed     82.26%
 710  MF984341.1    3.65%    passed     87.68%
 711  MZ964751.1    6.60%    passed     86.90%
 712  LR743425.1    0.27%    passed     84.26%
 713  LR743444.1    0.13%    passed     84.57%
 714  MZ605382.4    0.30%    passed     88.98%
 715  DQ116961.1    0.30%    passed     85.18%
 716  KP780837.1    0.89%    passed     88.87%
 717  KP780838.1    0.89%    passed     91.30%
 718  KF179640.1    0.60%    passed     84.37%
 719  MH244512.1    0.44%    passed     85.42%
 720  OX442310.1    0.67%    passed     86.32%
 721  LR743431.1    0.38%    passed     88.64%
 722  KM203860.1    0.39%    passed     89.24%
 723  KM203863.1    0.40%    passed     90.95%
 724  MF984345.1    0.44%    passed     85.12%
 725  MF984349.1    3.09%    passed     86.11%
 726  MF984338.1    2.04%    passed     90.52%
 727  MF984352.1    2.37%    passed     85.69%
 728  MF984343.1    0.44%    passed     89.20%
 729  MF984350.1    0.74%    passed     92.32%
 730  MF984351.1    0.73%    passed     90.99%
 731  OP762592.1    1.10%    passed     92.70%
 732  OP762593.1    1.10%    passed     92.75%
 733  OP762594.1    1.10%    passed     91.63%
 734  OP762595.1    1.10%    passed     92.04%
 735  MZ268007.1    2.22%    passed     89.80%
 736  MW036633.1   10.53%    passed     80.76%
 737  MW036634.1    0.75%    passed     88.33%
 738  OP762597.1    1.06%    passed     90.47%
 739  ON755223.1    1.18%    passed     88.46%
 740  OP762596.1   18.08%    passed     74.78%
 741  LR743448.1    0.35%    passed     90.38%
 742  MK947396.1    6.48%    passed     87.79%
 743  OK129333.1    0.86%    passed     83.73%
 744  MH244513.1    0.44%    passed     82.84%
 745  MF984339.1    2.09%    passed     87.98%
 746  MF984348.1    2.08%    passed     89.23%
 747  JN858070.1    4.91%    passed     87.57%
 748  LR743422.1    0.46%    passed     83.94%
 749  KT359349.1    0.86%    passed     85.38%
 750  KC496016.1    0.30%    passed     90.54%
 751  MW751837.1    1.09%    passed     95.51%
 752  KC407673.1    0.30%    passed     93.05%
 753  OK129329.1    0.86%    passed     86.79%
 754  OK129330.1    0.86%    passed     83.66%
 755  OK129331.1    0.86%    passed     84.92%
 756  OK129332.1    0.86%    passed     82.89%
 757  OK239659.1    0.86%    passed     89.38%
 758  OK239662.1    0.86%    passed     85.69%
 759  MW751842.1    1.09%    passed     88.34%
 760  MW751846.1    1.09%    passed     90.63%
 761  KP780839.1    0.92%    passed     93.23%
 762  OP179288.1    0.36%    passed     88.22%
 763  OX442272.1    0.75%    passed     86.17%
 764  LR743454.1    0.34%    passed     86.39%
 765  OX442305.1    0.66%    passed     83.43%
 766  OP804520.1    0.59%    passed     94.42%
 767  OK239672.1    0.86%    passed     91.12%
 768  OK239661.1    0.86%    passed     94.54%
 769  OK239663.1    0.86%    passed     93.90%
 770  MZ190465.1    5.09%    passed     86.13%
 771  MK473443.1    1.04%    passed     91.74%
 772  MH549209.1    1.04%    passed     92.23%
 773  MN481592.1    1.22%    passed     88.80%
 774  MN481593.1    1.22%    passed     88.83%
 775  MN481594.1    1.22%    passed     91.00%
 776  MN481597.1    1.22%    passed     88.64%
 777  MN481595.1    1.22%    passed     90.60%
 778  MN481596.1    1.22%    passed     89.02%
 779  KY594040.1    0.10%    passed     90.60%
 780  HQ537483.1    0.30%    passed     88.98%
 781  KJ577738.1    0.60%    passed     88.73%
 782  KJ577739.1    0.53%    passed     89.60%
 783  KJ883346.1    0.55%    passed     90.06%
 784  KJ883350.1    1.65%    passed     90.10%
 785  KC496015.1    0.30%    passed     92.10%
 786  KJ883341.1   15.97%    passed     77.61%
 787  KJ883347.1    7.09%    passed     85.97%
 788  KJ883342.1    1.58%    passed     89.59%
 789  KJ883345.1    0.48%    passed     90.33%
 790  KJ883343.1    0.53%    passed     91.76%
 791  KJ883344.1    0.53%    passed     90.93%
 792  KJ883348.1    0.53%    passed     90.60%
 793  KJ883349.1    0.85%    passed     88.65%
 794  KF179639.1    0.55%    passed     90.66%
 795  MN481591.1    1.22%    passed     94.62%
 796  KX375812.1    6.10%    passed     92.21%
 797  KT757320.1    1.02%    passed     95.39%
 798  KT757321.1    1.02%    passed     95.19%
 799  KT757322.1    1.02%    passed     94.89%
 800  KT757323.1    1.02%    passed     92.77%
 801  KT757318.1    1.02%    passed     89.08%
 802  KT757319.1    1.02%    passed     89.08%
 803  KU206781.1    0.73%    passed     91.37%
 804  MW751836.1    1.09%    passed     96.37%
 805  MW751839.1    1.09%    passed     96.42%
 806  MW751840.1    1.09%    passed     97.07%
 807  MW751845.1    1.09%    passed     96.36%
 808  OQ053515.1    0.63%    passed     89.39%
 809  OQ053536.1    0.75%    passed     87.64%
 810  OQ053516.1    0.65%    passed     88.54%
 811  OQ053517.1    0.65%    passed     88.54%
 812  OQ053519.1    0.62%    passed     88.44%
 813  OQ053523.1    0.75%    passed     89.84%
 814  OQ053527.1    0.75%    passed     88.72%
 815  OQ053529.1    0.75%    passed     89.56%
 816  OQ053520.1    0.61%    passed     87.85%
 817  OQ053524.1    0.65%    passed     90.29%
 818  OQ053525.1    0.65%    passed     90.29%
 819  OQ053526.1    0.63%    passed     88.95%
 820  OQ053528.1    0.75%    passed     89.77%
 821  OQ053518.1    0.63%    passed     90.34%
 822  OL840881.1    0.75%    passed     88.21%
 823  OL840886.1    0.58%    passed     89.79%
 824  OL840887.1    0.58%    passed     90.77%
 825  OL840893.1    0.58%    passed     91.20%
 826  OL840889.1    0.58%    passed     91.48%
 827  OL840888.1    0.58%    passed     90.30%
 828  OL840883.1    0.58%    passed     91.61%
 829  OL840894.1    0.58%    passed     90.74%
 830  OL840895.1    0.58%    passed     90.74%
 831  OL840897.1    0.58%    passed     90.47%
 832  OL840898.1    0.58%    passed     90.47%
 833  OL840899.1    0.58%    passed     91.20%
 834  OL840892.1    3.26%    passed     89.65%
 835  OL840891.1    3.30%    passed     91.66%
 836  OL840896.1    0.58%    passed     92.82%
 837  OL840890.1    2.13%    passed     90.02%
 838  OQ053539.1    0.63%    passed     93.06%
 839  OQ053538.1    0.67%    passed     91.02%
 840  OQ053537.1    0.57%    passed     89.66%
 841  OQ053532.1    0.63%    passed     89.49%
 842  OQ053533.1    0.73%    passed     91.11%
 843  OQ053521.1    0.59%    passed     88.46%
 844  OQ053522.1    0.73%    passed     89.64%
 845  OQ053531.1    0.71%    passed     90.48%
 846  OQ053530.1    0.72%    passed     90.06%
 847  OL840871.1    0.74%    passed     90.62%
 848  OQ053535.1    0.62%    passed     90.33%
 849  OQ053534.1    0.66%    passed     86.74%
 850  OL840875.1    2.80%    passed     89.53%
 851  OL840876.1    0.75%    passed     89.15%
 852  OL840879.1    0.75%    passed     90.59%
 853  MT341472.1    2.48%    passed     92.30%
 854  MW751838.1    1.09%    passed     93.76%
 855  OP179287.1    0.47%    passed     90.80%
 856  OK239658.1    0.86%    passed     89.11%
 857  OK239670.1    0.86%    passed     89.52%
 858  OK239666.1    0.86%    passed     91.89%
 859  MW751834.1    1.23%    passed     93.43%
 860  MW751843.1    1.23%    passed     93.43%
 861  MW751835.1    1.23%    passed     93.79%
 862  MW751844.1    1.23%    passed     92.96%
 863  MW751841.1    1.23%    passed     93.32%
 864  MW561633.1    0.86%    passed     92.38%
 865  MK947397.1    0.40%    passed     91.72%
 866  OK239665.1    0.86%    passed     92.31%
 867  MH021189.1    0.10%    passed     94.71%
 868  MN480794.1    1.22%    passed     93.36%
 869  OL840872.1    0.75%    passed     92.76%
 870  OL840873.1    1.19%    passed     94.19%
 871  OL840878.1    0.74%    passed     93.01%
 872  OL840874.1    2.80%    passed     90.14%
 873  OL840885.1    0.58%    passed     93.20%
 874  OL840882.1    0.74%    passed     93.95%
 875  MT341470.1    2.48%    passed     91.45%
 876  MT341471.1    2.48%    passed     92.22%
 877  MN652878.1    1.22%    passed     94.39%
 878  MN481589.1    1.22%    passed     94.55%
 879  MN652879.1    1.22%    passed     95.19%
 880  MN480793.1    1.22%    passed     95.19%
 881  MN480795.1    1.23%    passed     95.22%
 882  MN652880.1    1.22%    passed     94.58%
 883  MN480792.1    1.22%    passed     95.16%
 884  MN481590.1    1.22%    passed     95.18%
 885  OL840880.1    0.75%    passed     91.41%
 886  OL840884.1    3.26%    passed     87.86%
 887  OL840877.1    1.02%    passed     93.15%
 888  MZ190464.1    3.38%    passed     91.86%
 889  MZ190466.1    1.72%    passed     92.71%
 890  MZ190467.1    2.71%    passed     85.60%
 891  LR989891.1   53.47%    passed     51.38%
 892  OP009516.1    2.39%    passed     89.13%
 893  OP009517.1    2.43%    passed     87.20%
 894  OQ204314.1    3.48%    passed     81.63%
 895  OP850024.1    1.54%    passed     87.21%
 896  OP734242.1    1.54%    passed     87.07%
 897  OP734243.1    1.53%    passed     84.78%
 898  OP850029.1    2.33%    passed     84.36%
 899  OP561454.1    6.38%    passed     85.99%
 900  KP780840.1    0.89%    passed     85.44%
 901  KF823805.1    8.36%    passed     79.13%
 902  KF647248.1    9.72%    passed     78.36%
 903  KF647250.1    1.69%    passed     91.76%
 904  MN794936.1   53.71%    passed     79.72%
 905  ON032498.1    8.93%    passed     96.48%
 906  OK239667.1    4.79%    passed     94.03%
 907  OQ214888.1    1.45%    passed     77.76%
 908  OQ214889.1    0.73%    passed     76.72%
 909  OQ214890.1    0.73%    passed     72.21%
 910  OQ214891.1    0.73%    passed     72.34%
 911  OP345085.1    0.15%    passed     75.96%
 912  OP345086.1    0.15%    passed     75.96%
 913  OP345087.1    0.15%    passed     75.96%
 914  OP345088.1    0.15%    passed     75.96%
 915  OP345089.1    0.15%    passed     75.96%
 916  OP345091.1    0.15%    passed     75.96%
 917  OP345092.1    0.15%    passed     75.96%
 918  OP345093.1    0.15%    passed     75.96%
 919  OP345094.1    0.15%    passed     75.96%
 920  OP345098.1    0.15%    passed     75.96%
 921  OP345099.1    0.15%    passed     75.96%
 922  OP345100.1    0.15%    passed     75.96%
 923  OP345101.1    0.15%    passed     75.96%
 924  OP345090.1    0.29%    passed     75.11%
 925  OP345095.1    0.15%    passed     83.39%
 926  OP345102.1    0.15%    passed     83.39%
 927  OP345104.1    0.15%    passed     83.39%
 928  OP345097.1    0.15%    passed     84.10%
 929  OP345103.1    0.15%    passed     82.03%
 930  OP345096.1    0.15%    passed     82.59%
 931  OP345105.1    0.16%    passed     82.76%
 932  MN619800.1    2.04%    passed     81.61%
 933  OP345106.1    0.15%    passed     83.71%
 934  MN812760.1    1.08%    passed     78.84%
 935  MN812759.1    0.15%    passed     83.41%
 936  MN812758.1    0.91%    passed     80.44%
 937  MN812761.1    1.02%    passed     78.23%
 938  MN619803.1    0.11%    passed     84.30%
 939  MN812757.1    1.27%    passed     86.20%
 940  OP345107.1    0.86%    passed     79.97%
 941  MN812762.1    3.62%    passed     80.49%
 942  FJ425721.1    0.73%    passed     80.13%
 943  OP345108.1    1.69%    passed     75.94%
 944  OK239669.1    1.07%    passed     66.32%
 945  MH939153.1    1.02%    passed     74.45%
 946  KJ934710.1    0.44%    passed     78.98%
 947  MH939154.1    0.77%    passed     83.85%
 948  KT207791.1    0.72%    passed     76.76%
 949  MN238669.1    0.44%    passed     59.66%
 950  MN238670.1    0.44%    passed     70.10%
 951  MN619802.1    0.16%    passed     82.97%
 952  MN619801.1    0.14%    passed     73.46%
 953  ON813217.1    2.09%    passed     82.48%
 954  ON813218.1    0.64%    passed     80.75%
 955  ON813219.1    0.66%    passed     81.98%
 956  JX041631.1    2.18%    passed     85.97%
 957  DQ318019.1    0.21%    passed     81.92%
 958  OP870453.1    8.50%    passed     67.98%
 959  OP870454.1    8.50%    passed     69.85%
 960  OP870455.1    8.50%    passed     68.29%
 961  OP870456.1    8.50%    passed     69.93%
 962  OP870459.1    8.50%    passed     69.92%
 963  OP870460.1    8.50%    passed     68.36%
 964  OP870457.1    8.50%    passed     77.85%
 965  OP870461.1    8.50%    passed     69.86%
 966  OP846976.1    8.52%    passed     74.10%
 967  OP870458.1    8.50%    passed     87.22%
 968  KM052152.1    0.43%    passed     80.68%
 969  EF429199.1    0.15%    passed     86.80%
 970  EF429200.1    0.16%    passed     78.22%
 971  DQ318020.1    0.12%    passed     73.64%
 972  LC318700.1    0.10%    passed     86.72%
 973  KY523178.1    0.10%    passed     85.02%
 974  JN393308.1    0.23%    passed     63.58%
 975  EF429197.1    0.18%    passed     70.35%
 976  EU068667.1    6.59%    passed     79.83%
 977  EF429198.1    0.15%    passed     77.71%
 978  HM147824.1    0.10%    passed     78.29%
 979  MW383508.1    1.59%    passed     91.92%
 980  KU978767.1    0.19%    passed     75.77%
 981  HM147823.1    0.09%    passed     74.46%
 982  AY688948.1    0.13%    passed     96.08%
 983  MW383507.1    3.63%    passed     50.95%
 984  HM147822.1    0.06%    passed     52.21%
 985  LY683288.1    0.11%    passed     81.33%
 986  GQ903680.1    0.11%    passed     81.33%
 987  DQ176636.2    1.58%    passed     14.99%
 988  FV537223.1    0.65%    failed      0.00%
 989  KY703856.1    6.59%    passed      7.08%
 990  AY765264.1    0.58%    passed     22.69%
 991  OP846972.1    8.41%    passed     35.61%
 992  KY703855.1    6.59%    passed     18.26%
 993  KJ831223.1    3.38%    passed      7.24%
 994  FJ159129.1    1.80%    failed      0.14%
 995  FJ159130.1    1.80%    failed      0.26%
 996  FJ159131.1    1.80%    failed      0.10%
 997  AY277251.1    2.75%    failed      0.29%
 998  FV537224.1   18.66%    failed      0.00%
WARNING: 3 sequences contain more than 50% gaps/ambiguity
****  TOTAL         3.03%  6 sequences failed composition chi2 test (p-value<5%; df=3)
NOTE: HC467807.1 is identical to HW816192.1 but kept for subsequent analysis
NOTE: AF206518.2 is identical to HH961658.1 but kept for subsequent analysis
NOTE: JX503091.1 is identical to JX503088.1 but kept for subsequent analysis
NOTE: HQ671684.1 is identical to JF730040.1 but kept for subsequent analysis
NOTE: JF899531.1 is identical to JN183896.1 but kept for subsequent analysis
NOTE: LQ460608.1 is identical to MA388207.1 but kept for subsequent analysis
NOTE: MH819470.1 is identical to MH819463.1 but kept for subsequent analysis
NOTE: MW835357.1 is identical to MW835356.1 but kept for subsequent analysis
NOTE: DQ786573.1 is identical to DQ786572.1 but kept for subsequent analysis
NOTE: HG994353.1 is identical to OU953895.1 but kept for subsequent analysis
NOTE: HG994354.1 is identical to OU953896.1 but kept for subsequent analysis
NOTE: HG994352.1 is identical to OU953897.1 but kept for subsequent analysis
NOTE: HG994351.1 is identical to OU953898.1 but kept for subsequent analysis
NOTE: AF260968.1 is identical to EU081844.1 but kept for subsequent analysis
NOTE: MW862085.1 is identical to MW862084.1 but kept for subsequent analysis
NOTE: MW862106.1 is identical to MW862104.1 but kept for subsequent analysis
NOTE: OX442291.1 is identical to OX442277.1 but kept for subsequent analysis
NOTE: LR743432.1 is identical to LR743426.1 but kept for subsequent analysis
NOTE: KT757319.1 is identical to KT757318.1 but kept for subsequent analysis
NOTE: OQ053517.1 is identical to OQ053516.1 but kept for subsequent analysis
NOTE: OQ053525.1 is identical to OQ053524.1 but kept for subsequent analysis
NOTE: OL840895.1 is identical to OL840894.1 but kept for subsequent analysis
NOTE: OL840898.1 is identical to OL840897.1 but kept for subsequent analysis
NOTE: MW751843.1 is identical to MW751834.1 but kept for subsequent analysis
NOTE: OP345086.1 is identical to OP345085.1 but kept for subsequent analysis
NOTE: OP345102.1 is identical to OP345095.1 but kept for subsequent analysis
NOTE: GQ903680.1 is identical to LY683288.1 but kept for subsequent analysis
Checking for duplicate sequences: done in 0.0394316 secs using 99.96% CPU
Identifying sites to remove: done in 0.0663496 secs using 85.42% CPU
NOTE: 14 identical sequences (see below) will be ignored for subsequent analysis
NOTE: HQ891009.1 (identical to JF730040.1) is ignored but added at the end
NOTE: HQ891013.1 (identical to JF730040.1) is ignored but added at the end
NOTE: OP345087.1 (identical to OP345085.1) is ignored but added at the end
NOTE: OP345088.1 (identical to OP345085.1) is ignored but added at the end
NOTE: OP345089.1 (identical to OP345085.1) is ignored but added at the end
NOTE: OP345091.1 (identical to OP345085.1) is ignored but added at the end
NOTE: OP345092.1 (identical to OP345085.1) is ignored but added at the end
NOTE: OP345093.1 (identical to OP345085.1) is ignored but added at the end
NOTE: OP345094.1 (identical to OP345085.1) is ignored but added at the end
NOTE: OP345098.1 (identical to OP345085.1) is ignored but added at the end
NOTE: OP345099.1 (identical to OP345085.1) is ignored but added at the end
NOTE: OP345100.1 (identical to OP345085.1) is ignored but added at the end
NOTE: OP345101.1 (identical to OP345085.1) is ignored but added at the end
NOTE: OP345104.1 (identical to OP345095.1) is ignored but added at the end
Alignment was printed to results/aligned-delim.fasta.uniqueseq.phy

For your convenience alignment with unique sequences printed to results/aligned-delim.fasta.uniqueseq.phy

Create initial parsimony tree by phylogenetic likelihood library (PLL)... 1.768 seconds

NOTE: 259 MB RAM (0 GB) is required!
Measuring multi-threading efficiency up to 1 CPU cores
2 trees examined
Threads: 1 / Time: 1.966 sec / Speedup: 1.000 / Efficiency: 100% / LogL: -3167947
Determining AUTO threadcount: done in 1.97803 secs using 97.36% CPU
BEST NUMBER OF THREADS: 1

Estimate model parameters (epsilon = 0.500)
1. Initial log-likelihood: -253421.578
2. Current log-likelihood: -234851.612
3. Current log-likelihood: -234553.588
4. Current log-likelihood: -234532.983
5. Current log-likelihood: -234527.697
6. Current log-likelihood: -234526.742
Optimal log-likelihood: -234526.625
Rate parameters:  A-C: 1.38322  A-G: 4.33281  A-T: 1.22202  C-G: 0.63836  C-T: 12.75488  G-T: 1.00000
Base frequencies:  A: 0.273  C: 0.224  G: 0.285  T: 0.218
Parameters optimization took 6 rounds (22.933 sec)
Wrote distance file to... 
Computing ML distances based on estimated model parameters...
Calculating distance matrix: done in 7.09424 secs using 99.98% CPU
Computing ML distances took 7.139588 sec (of wall-clock time) 7.138432 sec (of CPU time)
Setting up auxiliary I and S matrices: done in 0.0147247 secs using 181.4% CPU
Constructing RapidNJ tree: done in 0.0306981 secs using 204.2% CPU
Computing RapidNJ tree took 0.045502 sec (of wall-clock time) 0.089486 sec (of CPU time)
Log-likelihood of RapidNJ tree: -240032.067
--------------------------------------------------------------------
|             INITIALIZING CANDIDATE TREE SET                      |
--------------------------------------------------------------------

Do NNI search on 2 best initial trees
Optimizing NNI: done in 6.85661 secs using 99.82% CPU
Estimate model parameters (epsilon = 0.500)
BETTER TREE FOUND at iteration 1: -234040.283
Optimizing NNI: done in 14.6068 secs using 99.64% CPU
Finish initializing candidate tree set (4)
Current best tree score: -234040.283 / CPU time: 27.193
Number of iterations: 2
TREE SEARCH COMPLETED AFTER 2 ITERATIONS / Time: 0h:1m:23s

--------------------------------------------------------------------
|                    FINALIZING TREE SEARCH                        |
--------------------------------------------------------------------
Performs final model parameters optimization
Estimate model parameters (epsilon = 0.050)
1. Initial log-likelihood: -234040.283
Optimal log-likelihood: -234040.269
Rate parameters:  A-C: 1.44333  A-G: 4.44972  A-T: 1.23718  C-G: 0.67432  C-T: 13.34539  G-T: 1.00000
Base frequencies:  A: 0.273  C: 0.224  G: 0.285  T: 0.218
Parameters optimization took 1 rounds (1.293 sec)
BEST SCORE FOUND : -234040.269
Total tree length: 5.069

Total number of iterations: 2
CPU time used for tree search: 27.126 sec (0h:0m:27s)
Wall-clock time used for tree search: 27.195 sec (0h:0m:27s)
Total CPU time used: 85.052 sec (0h:1m:25s)
Total wall-clock time used: 85.219 sec (0h:1m:25s)

Analysis results written to: 
  IQ-TREE report:                results/aligned-delim.fasta.iqtree
  Maximum-likelihood tree:       results/aligned-delim.fasta.treefile
  Likelihood distances:          results/aligned-delim.fasta.mldist
  Screen log file:               results/aligned-delim.fasta.log

Date and Time: Thu Jul 20 09:44:44 2023
