Building DAG of jobs...
Using shell: /home/giacomocastagnetti/.nextstrain/runtimes/conda/env/bin/bash
Provided cores: 1 (use --cores to define parallelism)
Rules claiming more threads will be scaled down.
Job stats:
job            count    min threads    max threads
-----------  -------  -------------  -------------
translating        1              1              1
total              1              1              1

Select jobs to execute...

[Wed Jul 19 12:06:48 2023]
rule translating:
    input: results/refined_tree.nwk, results/ancestral_sequence.fa, data/annotated_genome.gff
    output: results/translation_node_data.json, results/translation_alignment.fa
    jobid: 0
    reason: Missing output files: results/translation_alignment.fa, results/translation_node_data.json
    resources: tmpdir=/tmp

[Wed Jul 19 12:06:49 2023]
Error in rule translating:
    jobid: 0
    input: results/refined_tree.nwk, results/ancestral_sequence.fa, data/annotated_genome.gff
    output: results/translation_node_data.json, results/translation_alignment.fa
    shell:
        
        augur translate            --tree results/refined_tree.nwk            --ancestral-sequences results/ancestral_sequence.fa            --reference-sequence data/annotated_genome.gff            --output-node-data results/translation_node_data.json            --alignment-output results/translation_alignment.fa
        
        (one of the commands exited with non-zero exit code; note that snakemake uses bash strict mode!)

Shutting down, this might take some time.
Exiting because a job execution failed. Look above for error message
Complete log: .snakemake/log/2023-07-19T120648.410276.snakemake.log
