Building DAG of jobs...
Using shell: /home/giacomocastagnetti/.nextstrain/runtimes/conda/env/bin/bash
Provided cores: 1 (use --cores to define parallelism)
Rules claiming more threads will be scaled down.
Job stats:
job         count    min threads    max threads
--------  -------  -------------  -------------
refining        1              1              1
total           1              1              1

Select jobs to execute...

[Wed Jul 19 09:52:13 2023]
rule refining:
    input: results/aligned.fasta, results/raw_tree.nwk, results/filtered_metadata.csv
    output: results/refined_tree.nwk, results/branch_lengths.json
    jobid: 0
    reason: Missing output files: results/branch_lengths.json, results/refined_tree.nwk
    resources: tmpdir=/tmp

[Wed Jul 19 09:52:14 2023]
Finished job 0.
1 of 1 steps (100%) done
Complete log: .snakemake/log/2023-07-19T095213.481073.snakemake.log
