Building DAG of jobs...
Using shell: /home/giacomocastagnetti/.nextstrain/runtimes/conda/env/bin/bash
Provided cores: 1 (use --cores to define parallelism)
Rules claiming more threads will be scaled down.
Job stats:
job           count    min threads    max threads
----------  -------  -------------  -------------
aligning          1              1              1
build_tree        1              1              1
filtering         1              1              1
refining          1              1              1
total             4              1              1

Select jobs to execute...

[Wed Jul 19 10:05:20 2023]
rule filtering:
    input: data/sequences.fasta, results/index.tsv, data/metadata.csv
    output: results/filtered_sequences.fa, results/filtered_metadata.csv
    jobid: 2
    reason: Updated input files: data/metadata.csv
    resources: tmpdir=/tmp

[Wed Jul 19 10:05:21 2023]
Finished job 2.
1 of 4 steps (25%) done
Select jobs to execute...

[Wed Jul 19 10:05:21 2023]
rule aligning:
    input: results/filtered_sequences.fa, data/GCF_000875385.1_ViralProj30293_genomic.fna
    output: results/aligned.fasta
    jobid: 1
    reason: Input files updated by another job: results/filtered_sequences.fa
    resources: tmpdir=/tmp

[Wed Jul 19 10:05:30 2023]
Finished job 1.
2 of 4 steps (50%) done
Select jobs to execute...

[Wed Jul 19 10:05:30 2023]
rule build_tree:
    input: results/aligned.fasta
    output: results/raw_tree.nwk
    jobid: 4
    reason: Input files updated by another job: results/aligned.fasta
    resources: tmpdir=/tmp

[Wed Jul 19 10:05:33 2023]
Finished job 4.
3 of 4 steps (75%) done
Select jobs to execute...

[Wed Jul 19 10:05:33 2023]
rule refining:
    input: results/aligned.fasta, results/raw_tree.nwk, results/filtered_metadata.csv
    output: results/refined_tree.nwk, results/branch_lengths.json
    jobid: 0
    reason: Input files updated by another job: results/raw_tree.nwk, results/aligned.fasta, results/filtered_metadata.csv
    resources: tmpdir=/tmp

[Wed Jul 19 10:05:33 2023]
Error in rule refining:
    jobid: 0
    input: results/aligned.fasta, results/raw_tree.nwk, results/filtered_metadata.csv
    output: results/refined_tree.nwk, results/branch_lengths.json
    shell:
        
        augur refine            --alignment results/aligned.fasta            --tree results/raw_tree.nwk            --metadata results/filtered_metadata.csv            --metadata-id-columns 'Accession'            --output-tree results/refined_tree.nwk            --output-node-data results/branch_lengths.json            --timetree            --root 'least-squares'            --covariance            --precision 3            --branch-length-inference auto

        
        (one of the commands exited with non-zero exit code; note that snakemake uses bash strict mode!)

Shutting down, this might take some time.
Exiting because a job execution failed. Look above for error message
Complete log: .snakemake/log/2023-07-19T100520.522016.snakemake.log
