Building DAG of jobs...
Using shell: /home/giacomocastagnetti/.nextstrain/runtimes/conda/env/bin/bash
Provided cores: 1 (use --cores to define parallelism)
Rules claiming more threads will be scaled down.
Job stats:
job       count    min threads    max threads
------  -------  -------------  -------------
export        1              1              1
total         1              1              1

Select jobs to execute...

[Wed Jul 19 12:59:44 2023]
rule export:
    input: results/refined_tree.nwk, data/metadata.csv, results/branch_lengths.json, results/ancestral_node_data.json, results/translation_node_data.json
    output: auspice/wnv.json
    jobid: 0
    reason: Missing output files: auspice/wnv.json
    resources: tmpdir=/tmp

[Wed Jul 19 12:59:45 2023]
Finished job 0.
1 of 1 steps (100%) done
Complete log: .snakemake/log/2023-07-19T125944.100906.snakemake.log
