Building DAG of jobs...
Using shell: /home/giacomocastagnetti/.nextstrain/runtimes/conda/env/bin/bash
Provided cores: 1 (use --cores to define parallelism)
Rules claiming more threads will be scaled down.
Job stats:
job       count    min threads    max threads
------  -------  -------------  -------------
all           1              1              1
export        1              1              1
traits        1              1              1
total         3              1              1

Select jobs to execute...

[Thu Jul 20 09:27:35 2023]
rule traits:
    input: results/refined_tree.nwk, results/filtered_metadata.csv
    output: results/node_data.json
    jobid: 9
    reason: Missing output files: results/node_data.json
    resources: tmpdir=/tmp

RuleException in rule traits in file /home/giacomocastagnetti/Downloads/wnv/Snakefile, line 134:
AttributeError: 'OutputFiles' object has no attribute 'geo_node_data', when formatting the following:

        augur traits            --tree {input.tree}            --metadata {input.metadata}            --metadata-id-columns 'Accession'            --columns Country Division Host            --confidence            --output-node-data {output.geo_node_data}
        
