Building DAG of jobs...
Using shell: /home/giacomocastagnetti/.nextstrain/runtimes/conda/env/bin/bash
Provided cores: 1 (use --cores to define parallelism)
Rules claiming more threads will be scaled down.
Job stats:
job         count    min threads    max threads
--------  -------  -------------  -------------
indexing        1              1              1
total           1              1              1

Select jobs to execute...

[Tue Jul 18 14:32:24 2023]
rule indexing:
    input: data/sequences.fasta
    output: results/index.tsv
    jobid: 0
    reason: Missing output files: results/index.tsv
    resources: tmpdir=/tmp

[Tue Jul 18 14:32:25 2023]
Finished job 0.
1 of 1 steps (100%) done
Complete log: .snakemake/log/2023-07-18T143224.654777.snakemake.log
