Building DAG of jobs...
Using shell: /home/giacomocastagnetti/.nextstrain/runtimes/conda/env/bin/bash
Provided cores: 1 (use --cores to define parallelism)
Rules claiming more threads will be scaled down.
Job stats:
job          count    min threads    max threads
---------  -------  -------------  -------------
filtering        1              1              1
total            1              1              1

Select jobs to execute...

[Tue Jul 18 15:00:00 2023]
rule filtering:
    input: data/sequences.fasta, results/index.tsv, data/metadata.csv
    output: results/filtered_sequences.fa, results/filtered_metadata.csv
    jobid: 0
    reason: Missing output files: results/filtered_sequences.fa, results/filtered_metadata.csv
    resources: tmpdir=/tmp

[Tue Jul 18 15:00:01 2023]
Finished job 0.
1 of 1 steps (100%) done
Complete log: .snakemake/log/2023-07-18T150000.553443.snakemake.log
