Building DAG of jobs...
Using shell: /home/giacomocastagnetti/.nextstrain/runtimes/conda/env/bin/bash
Provided cores: 1 (use --cores to define parallelism)
Rules claiming more threads will be scaled down.
Job stats:
job           count    min threads    max threads
----------  -------  -------------  -------------
aligning          1              1              1
build_tree        1              1              1
filtering         1              1              1
refining          1              1              1
total             4              1              1

Select jobs to execute...

[Wed Jul 19 10:22:21 2023]
rule filtering:
    input: data/sequences.fasta, results/index.tsv, data/metadata.csv
    output: results/filtered_sequences.fa, results/filtered_metadata.csv
    jobid: 2
    reason: Updated input files: data/metadata.csv
    resources: tmpdir=/tmp

[Wed Jul 19 10:22:22 2023]
Finished job 2.
1 of 4 steps (25%) done
Select jobs to execute...

[Wed Jul 19 10:22:22 2023]
rule aligning:
    input: results/filtered_sequences.fa, data/GCF_000875385.1_ViralProj30293_genomic.fna
    output: results/aligned.fasta
    jobid: 1
    reason: Input files updated by another job: results/filtered_sequences.fa
    resources: tmpdir=/tmp

[Wed Jul 19 10:22:32 2023]
Finished job 1.
2 of 4 steps (50%) done
Select jobs to execute...

[Wed Jul 19 10:22:32 2023]
rule build_tree:
    input: results/aligned.fasta
    output: results/raw_tree.nwk
    jobid: 4
    reason: Input files updated by another job: results/aligned.fasta
    resources: tmpdir=/tmp

[Wed Jul 19 10:22:35 2023]
Finished job 4.
3 of 4 steps (75%) done
Select jobs to execute...

[Wed Jul 19 10:22:35 2023]
rule refining:
    input: results/aligned.fasta, results/raw_tree.nwk, results/filtered_metadata.csv
    output: results/refined_tree.nwk, results/branch_lengths.json
    jobid: 0
    reason: Input files updated by another job: results/aligned.fasta, results/filtered_metadata.csv, results/raw_tree.nwk
    resources: tmpdir=/tmp

[Wed Jul 19 10:23:00 2023]
Finished job 0.
4 of 4 steps (100%) done
Complete log: .snakemake/log/2023-07-19T102221.337512.snakemake.log
