Building DAG of jobs...
Using shell: /home/giacomocastagnetti/.nextstrain/runtimes/conda/env/bin/bash
Provided cores: 1 (use --cores to define parallelism)
Rules claiming more threads will be scaled down.
Job stats:
job               count    min threads    max threads
--------------  -------  -------------  -------------
all                   1              1              1
export                1              1              1
find_ancestors        1              1              1
refining              1              1              1
traits                1              1              1
translating           1              1              1
total                 6              1              1

Select jobs to execute...

[Wed Jul 19 16:46:10 2023]
rule refining:
    input: results/aligned.fasta, results/raw_tree.nwk, results/filtered_metadata.csv
    output: results/refined_tree.nwk, results/branch_lengths.json
    jobid: 2
    reason: Code has changed since last execution
    resources: tmpdir=/tmp

[Wed Jul 19 16:47:37 2023]
Finished job 2.
1 of 6 steps (17%) done
Select jobs to execute...

[Wed Jul 19 16:47:37 2023]
rule traits:
    input: results/refined_tree.nwk, results/filtered_metadata.csv
    output: results/geo_node_data.json
    jobid: 9
    reason: Input files updated by another job: results/refined_tree.nwk
    resources: tmpdir=/tmp

[Wed Jul 19 16:47:43 2023]
Finished job 9.
2 of 6 steps (33%) done
Select jobs to execute...

[Wed Jul 19 16:47:43 2023]
rule find_ancestors:
    input: results/refined_tree.nwk, results/aligned.fasta
    output: results/ancestral_node_data.json, results/ancestral_sequence.fa
    jobid: 7
    reason: Input files updated by another job: results/refined_tree.nwk
    resources: tmpdir=/tmp

[Wed Jul 19 16:47:50 2023]
Finished job 7.
3 of 6 steps (50%) done
Select jobs to execute...

[Wed Jul 19 16:47:50 2023]
rule translating:
    input: results/refined_tree.nwk, results/ancestral_node_data.json, data/annotated_genome.gff
    output: results/translation_node_data.json
    jobid: 8
    reason: Input files updated by another job: results/refined_tree.nwk, results/ancestral_node_data.json
    resources: tmpdir=/tmp

[Wed Jul 19 16:47:51 2023]
Finished job 8.
4 of 6 steps (67%) done
Select jobs to execute...

[Wed Jul 19 16:47:51 2023]
rule export:
    input: results/refined_tree.nwk, data/processed_metadata.csv, results/branch_lengths.json, results/ancestral_node_data.json, results/translation_node_data.json, results/geo_node_data.json, config/lat_longs.tsv
    output: auspice/wnv.json
    jobid: 1
    reason: Input files updated by another job: results/refined_tree.nwk, results/ancestral_node_data.json, results/branch_lengths.json, results/translation_node_data.json, results/geo_node_data.json
    resources: tmpdir=/tmp

[Wed Jul 19 16:47:52 2023]
Finished job 1.
5 of 6 steps (83%) done
Select jobs to execute...

[Wed Jul 19 16:47:52 2023]
localrule all:
    input: auspice/wnv.json
    jobid: 0
    reason: Input files updated by another job: auspice/wnv.json
    resources: tmpdir=/tmp

[Wed Jul 19 16:47:52 2023]
Finished job 0.
6 of 6 steps (100%) done
Complete log: .snakemake/log/2023-07-19T164610.272664.snakemake.log
