Building DAG of jobs...
Using shell: /home/giacomocastagnetti/.nextstrain/runtimes/conda/env/bin/bash
Provided cores: 1 (use --cores to define parallelism)
Rules claiming more threads will be scaled down.
Job stats:
job               count    min threads    max threads
--------------  -------  -------------  -------------
aligning              1              1              1
all                   1              1              1
build_tree            1              1              1
export                1              1              1
filtering             1              1              1
find_ancestors        1              1              1
refining              1              1              1
traits                1              1              1
translating           1              1              1
total                 9              1              1

Select jobs to execute...

[Wed Jul 19 16:11:03 2023]
rule filtering:
    input: data/sequences.fasta, results/index.tsv, data/processed_metadata.csv
    output: results/filtered_sequences.fa, results/filtered_metadata.csv
    jobid: 4
    reason: Code has changed since last execution
    resources: tmpdir=/tmp

[Wed Jul 19 16:11:04 2023]
Finished job 4.
1 of 9 steps (11%) done
Select jobs to execute...

[Wed Jul 19 16:11:04 2023]
rule aligning:
    input: results/filtered_sequences.fa, data/GCF_000875385.1_ViralProj30293_genomic.fna
    output: results/aligned.fasta
    jobid: 3
    reason: Missing output files: results/aligned.fasta; Input files updated by another job: results/filtered_sequences.fa
    resources: tmpdir=/tmp

[Wed Jul 19 16:11:05 2023]
Error in rule aligning:
    jobid: 3
    input: results/filtered_sequences.fa, data/GCF_000875385.1_ViralProj30293_genomic.fna
    output: results/aligned.fasta
    shell:
        
        augur align             --sequences results/filtered_sequences.fa            --output results/aligned.fasta            --method mafft            --reference-sequence data/GCF_000875385.1_ViralProj30293_genomic.fna            --fill-gaps
        
        (one of the commands exited with non-zero exit code; note that snakemake uses bash strict mode!)

Shutting down, this might take some time.
Exiting because a job execution failed. Look above for error message
Complete log: .snakemake/log/2023-07-19T161103.179745.snakemake.log
