Building DAG of jobs...
Using shell: /home/giacomocastagnetti/.nextstrain/runtimes/conda/env/bin/bash
Provided cores: 1 (use --cores to define parallelism)
Rules claiming more threads will be scaled down.
Job stats:
job           count    min threads    max threads
----------  -------  -------------  -------------
build_tree        1              1              1
total             1              1              1

Select jobs to execute...

[Wed Jul 19 09:21:28 2023]
rule build_tree:
    input: results/aligned.fasta
    output: results/raw_tree.nwk
    jobid: 0
    reason: Missing output files: results/raw_tree.nwk
    resources: tmpdir=/tmp

[Wed Jul 19 09:21:31 2023]
Finished job 0.
1 of 1 steps (100%) done
Complete log: .snakemake/log/2023-07-19T092128.362601.snakemake.log
