Building DAG of jobs...
Using shell: /home/giacomocastagnetti/.nextstrain/runtimes/conda/env/bin/bash
Provided cores: 1 (use --cores to define parallelism)
Rules claiming more threads will be scaled down.
Job stats:
job            count    min threads    max threads
-----------  -------  -------------  -------------
translating        1              1              1
total              1              1              1

Select jobs to execute...

[Wed Jul 19 12:10:54 2023]
rule translating:
    input: results/refined_tree.nwk, results/ancestral_node_data.json, data/annotated_genome.gff
    output: results/translation_node_data.json
    jobid: 0
    reason: Missing output files: results/translation_node_data.json
    resources: tmpdir=/tmp

[Wed Jul 19 12:10:55 2023]
Finished job 0.
1 of 1 steps (100%) done
Complete log: .snakemake/log/2023-07-19T121054.287474.snakemake.log
