Building DAG of jobs...
Using shell: /home/giacomocastagnetti/.nextstrain/runtimes/conda/env/bin/bash
Provided cores: 1 (use --cores to define parallelism)
Rules claiming more threads will be scaled down.
Job stats:
job       count    min threads    max threads
------  -------  -------------  -------------
all           1              1              1
export        1              1              1
traits        1              1              1
total         3              1              1

Select jobs to execute...

[Wed Jul 19 14:54:55 2023]
rule traits:
    input: results/refined_tree.nwk, results/filtered_metadata.csv
    output: results/regoin_node_data.json
    jobid: 9
    reason: Missing output files: results/regoin_node_data.json; Updated input files: results/refined_tree.nwk, results/filtered_metadata.csv
    resources: tmpdir=/tmp

[Wed Jul 19 14:54:57 2023]
Finished job 9.
1 of 3 steps (33%) done
Select jobs to execute...

[Wed Jul 19 14:54:57 2023]
rule export:
    input: results/refined_tree.nwk, data/processed_metadata.csv, results/branch_lengths.json, results/ancestral_node_data.json, results/translation_node_data.json, results/regoin_node_data.json
    output: auspice/wnv.json
    jobid: 1
    reason: Input files updated by another job: results/regoin_node_data.json
    resources: tmpdir=/tmp

[Wed Jul 19 14:54:57 2023]
Finished job 1.
2 of 3 steps (67%) done
Select jobs to execute...

[Wed Jul 19 14:54:58 2023]
localrule all:
    input: auspice/wnv.json
    jobid: 0
    reason: Input files updated by another job: auspice/wnv.json
    resources: tmpdir=/tmp

[Wed Jul 19 14:54:58 2023]
Finished job 0.
3 of 3 steps (100%) done
Complete log: .snakemake/log/2023-07-19T145455.515312.snakemake.log
