Building DAG of jobs...
Using shell: /home/giacomocastagnetti/.nextstrain/runtimes/conda/env/bin/bash
Provided cores: 1 (use --cores to define parallelism)
Rules claiming more threads will be scaled down.
Job stats:
job            count    min threads    max threads
-----------  -------  -------------  -------------
export             1              1              1
translating        1              1              1
total              2              1              1

Select jobs to execute...

[Wed Jul 19 12:58:56 2023]
rule translating:
    input: results/refined_tree.nwk, results/ancestral_node_data.json, data/annotated_genome.gff
    output: results/translation_node_data.json
    jobid: 7
    reason: Code has changed since last execution
    resources: tmpdir=/tmp

[Wed Jul 19 12:58:57 2023]
Finished job 7.
1 of 2 steps (50%) done
Select jobs to execute...

[Wed Jul 19 12:58:57 2023]
rule export:
    input: results/refined_tree.nwk, data/metadata.csv, results/branch_lengths.json, results/ancestral_node_data.json, results/translation_node_data.json
    output: auspice/wnv.json
    jobid: 0
    reason: Input files updated by another job: results/translation_node_data.json
    resources: tmpdir=/tmp

[Wed Jul 19 12:58:57 2023]
Error in rule export:
    jobid: 0
    input: results/refined_tree.nwk, data/metadata.csv, results/branch_lengths.json, results/ancestral_node_data.json, results/translation_node_data.json
    output: auspice/wnv.json
    shell:
        
        augur export v2             --tree results/refined_tree.nwk             --metadata data/metadata.csv             --node-data results/branch_lengths.json results/ancestral_node_data.json results/translation_node_data.json             --include-root-sequence             --output auspice/wnv.json
        
        (one of the commands exited with non-zero exit code; note that snakemake uses bash strict mode!)

Shutting down, this might take some time.
Exiting because a job execution failed. Look above for error message
Complete log: .snakemake/log/2023-07-19T125856.474412.snakemake.log
