Building DAG of jobs...
Using shell: /home/giacomocastagnetti/.nextstrain/runtimes/conda/env/bin/bash
Provided cores: 1 (use --cores to define parallelism)
Rules claiming more threads will be scaled down.
Job stats:
job                count    min threads    max threads
---------------  -------  -------------  -------------
find_anchestors        1              1              1
total                  1              1              1

Select jobs to execute...

[Wed Jul 19 11:16:12 2023]
rule find_anchestors:
    input: results/refined_tree.nwk, results/aligned.fasta
    output: results/anchestral_node_data.json, results/anchestral_sequence.fa
    jobid: 0
    reason: Missing output files: results/anchestral_node_data.json, results/anchestral_sequence.fa
    resources: tmpdir=/tmp

[Wed Jul 19 11:16:13 2023]
Error in rule find_anchestors:
    jobid: 0
    input: results/refined_tree.nwk, results/aligned.fasta
    output: results/anchestral_node_data.json, results/anchestral_sequence.fa
    shell:
        
        augur anchestral            --tree results/refined_tree.nwk            --alignment results/aligned.fasta            --output-node-data results/anchestral_node_data.json            --output-sequences results/anchestral_sequence.fa            --inference joint
        
        (one of the commands exited with non-zero exit code; note that snakemake uses bash strict mode!)

Shutting down, this might take some time.
Exiting because a job execution failed. Look above for error message
Complete log: .snakemake/log/2023-07-19T111612.335765.snakemake.log
