Building DAG of jobs...
Using shell: /home/giacomocastagnetti/.nextstrain/runtimes/conda/env/bin/bash
Provided cores: 1 (use --cores to define parallelism)
Rules claiming more threads will be scaled down.
Job stats:
job       count    min threads    max threads
------  -------  -------------  -------------
all           1              1              1
export        1              1              1
total         2              1              1

Select jobs to execute...

[Wed Jul 19 15:41:40 2023]
rule export:
    input: results/refined_tree.nwk, data/processed_metadata.csv, results/branch_lengths.json, results/ancestral_node_data.json, results/translation_node_data.json, results/geo_node_data.json, config/lat_longs.tsv
    output: auspice/wnv.json
    jobid: 1
    reason: Missing output files: auspice/wnv.json
    resources: tmpdir=/tmp

[Wed Jul 19 15:41:40 2023]
Error in rule export:
    jobid: 1
    input: results/refined_tree.nwk, data/processed_metadata.csv, results/branch_lengths.json, results/ancestral_node_data.json, results/translation_node_data.json, results/geo_node_data.json, config/lat_longs.tsv
    output: auspice/wnv.json
    shell:
        
        augur export v2             --tree results/refined_tree.nwk             --metadata data/processed_metadata.csv             --metadata-id-columns 'Accession'            --node-data results/branch_lengths.json results/geo_node_data.json results/ancestral_node_data.json results/translation_node_data.json            --include-root-sequence             --geo-resolution Country Division            --color-by Country Division             --lat_longs config/lat_longs.tsv            --output auspice/wnv.json
        
        (one of the commands exited with non-zero exit code; note that snakemake uses bash strict mode!)

Shutting down, this might take some time.
Exiting because a job execution failed. Look above for error message
Complete log: .snakemake/log/2023-07-19T154139.906552.snakemake.log
