Building DAG of jobs...
Using shell: /home/giacomocastagnetti/.nextstrain/runtimes/conda/env/bin/bash
Provided cores: 1 (use --cores to define parallelism)
Rules claiming more threads will be scaled down.
Job stats:
job               count    min threads    max threads
--------------  -------  -------------  -------------
aligning              1              1              1
all                   1              1              1
build_tree            1              1              1
export                1              1              1
find_ancestors        1              1              1
refining              1              1              1
traits                1              1              1
translating           1              1              1
total                 8              1              1

Select jobs to execute...

[Thu Jul 20 09:39:46 2023]
rule aligning:
    input: results/filtered_sequences.fa, config/reference.gb
    output: results/aligned.fasta
    jobid: 3
    reason: Updated input files: config/reference.gb
    resources: tmpdir=/tmp

[Thu Jul 20 09:39:53 2023]
Finished job 3.
1 of 8 steps (12%) done
Select jobs to execute...

[Thu Jul 20 09:39:53 2023]
rule build_tree:
    input: results/aligned.fasta
    output: results/raw_tree.nwk
    jobid: 6
    reason: Input files updated by another job: results/aligned.fasta
    resources: tmpdir=/tmp

[Thu Jul 20 09:39:56 2023]
Finished job 6.
2 of 8 steps (25%) done
Select jobs to execute...

[Thu Jul 20 09:39:56 2023]
rule refining:
    input: results/aligned.fasta, results/raw_tree.nwk, results/filtered_metadata.csv
    output: results/refined_tree.nwk, results/branch_lengths.json
    jobid: 2
    reason: Input files updated by another job: results/aligned.fasta, results/raw_tree.nwk
    resources: tmpdir=/tmp

[Thu Jul 20 09:40:13 2023]
Finished job 2.
3 of 8 steps (38%) done
Select jobs to execute...

[Thu Jul 20 09:40:13 2023]
rule traits:
    input: results/refined_tree.nwk, results/filtered_metadata.csv
    output: results/node_data.json
    jobid: 9
    reason: Input files updated by another job: results/refined_tree.nwk
    resources: tmpdir=/tmp

[Thu Jul 20 09:40:14 2023]
Finished job 9.
4 of 8 steps (50%) done
Select jobs to execute...

[Thu Jul 20 09:40:14 2023]
rule find_ancestors:
    input: results/refined_tree.nwk, results/aligned.fasta
    output: results/ancestral_node_data.json, results/ancestral_sequence.fa
    jobid: 7
    reason: Input files updated by another job: results/aligned.fasta, results/refined_tree.nwk
    resources: tmpdir=/tmp

[Thu Jul 20 09:40:15 2023]
Finished job 7.
5 of 8 steps (62%) done
Select jobs to execute...

[Thu Jul 20 09:40:15 2023]
rule translating:
    input: results/refined_tree.nwk, results/ancestral_node_data.json, config/reference.gb
    output: results/translation_node_data.json
    jobid: 8
    reason: Input files updated by another job: results/ancestral_node_data.json, results/refined_tree.nwk
    resources: tmpdir=/tmp

[Thu Jul 20 09:40:16 2023]
Finished job 8.
6 of 8 steps (75%) done
Select jobs to execute...

[Thu Jul 20 09:40:16 2023]
rule export:
    input: results/refined_tree.nwk, results/filtered_metadata.csv, results/branch_lengths.json, results/ancestral_node_data.json, results/translation_node_data.json, results/node_data.json, config/lat_longs.tsv
    output: auspice/wnv.json
    jobid: 1
    reason: Input files updated by another job: results/node_data.json, results/ancestral_node_data.json, results/translation_node_data.json, results/branch_lengths.json, results/refined_tree.nwk
    resources: tmpdir=/tmp

[Thu Jul 20 09:40:17 2023]
Finished job 1.
7 of 8 steps (88%) done
Select jobs to execute...

[Thu Jul 20 09:40:17 2023]
localrule all:
    input: auspice/wnv.json
    jobid: 0
    reason: Input files updated by another job: auspice/wnv.json
    resources: tmpdir=/tmp

[Thu Jul 20 09:40:17 2023]
Finished job 0.
8 of 8 steps (100%) done
Complete log: .snakemake/log/2023-07-20T093946.754277.snakemake.log
