Building DAG of jobs...
Using shell: /home/giacomocastagnetti/.nextstrain/runtimes/conda/env/bin/bash
Provided cores: 1 (use --cores to define parallelism)
Rules claiming more threads will be scaled down.
Job stats:
job       count    min threads    max threads
------  -------  -------------  -------------
all           1              1              1
export        1              1              1
total         2              1              1

Select jobs to execute...

[Wed Jul 19 15:23:15 2023]
rule export:
    input: results/refined_tree.nwk, data/processed_metadata.csv, results/branch_lengths.json, results/ancestral_node_data.json, results/translation_node_data.json, results/regoin_node_data.json
    output: auspice/wnv.json
    jobid: 1
    reason: Code has changed since last execution
    resources: tmpdir=/tmp

[Wed Jul 19 15:23:15 2023]
Finished job 1.
1 of 2 steps (50%) done
Select jobs to execute...

[Wed Jul 19 15:23:15 2023]
localrule all:
    input: auspice/wnv.json
    jobid: 0
    reason: Input files updated by another job: auspice/wnv.json
    resources: tmpdir=/tmp

[Wed Jul 19 15:23:15 2023]
Finished job 0.
2 of 2 steps (100%) done
Complete log: .snakemake/log/2023-07-19T152314.975525.snakemake.log
