Building DAG of jobs...
Using shell: /home/giacomocastagnetti/.nextstrain/runtimes/conda/env/bin/bash
Provided cores: 1 (use --cores to define parallelism)
Rules claiming more threads will be scaled down.
Job stats:
job                count    min threads    max threads
---------------  -------  -------------  -------------
find_anchestors        1              1              1
total                  1              1              1

Select jobs to execute...

[Wed Jul 19 11:16:34 2023]
rule find_anchestors:
    input: results/refined_tree.nwk, results/aligned.fasta
    output: results/anchestral_node_data.json, results/anchestral_sequence.fa
    jobid: 0
    reason: Missing output files: results/anchestral_node_data.json, results/anchestral_sequence.fa
    resources: tmpdir=/tmp

[Wed Jul 19 11:16:36 2023]
Finished job 0.
1 of 1 steps (100%) done
Complete log: .snakemake/log/2023-07-19T111633.883718.snakemake.log
