Building DAG of jobs...
Using shell: /home/giacomo/.nextstrain/runtimes/conda/env/bin/bash
Provided cores: 4
Rules claiming more threads will be scaled down.
Job stats:
job               count
--------------  -------
aligning              1
all                   1
build_tree            1
export                1
filtering             1
find_ancestors        1
refining              1
traits                1
translating           1
total                 9

Select jobs to execute...

[Fri Nov 29 00:13:26 2024]
rule filtering:
    input: data/pathoplexus_sequences.fasta, results/index.tsv, data/pathoplexus_metadata.tsv
    output: results/filtered_sequences.fa, results/filtered_metadata.tsv
    jobid: 4
    reason: Updated input files: data/pathoplexus_metadata.tsv
    resources: tmpdir=/tmp


        augur filter             --sequences data/pathoplexus_sequences.fasta            --sequence-index results/index.tsv            --metadata data/pathoplexus_metadata.tsv            --metadata-id-columns 'Accession'            --group-by Country            --subsample-max-sequences 1000            --probabilistic-sampling            --output results/filtered_sequences.fa            --output-metadata results/filtered_metadata.tsv
        
[Fri Nov 29 00:13:27 2024]
Finished job 4.
1 of 9 steps (11%) done
Select jobs to execute...

[Fri Nov 29 00:13:27 2024]
rule aligning:
    input: results/filtered_sequences.fa, config/reference.gb
    output: results/aligned.fasta
    jobid: 3
    reason: Input files updated by another job: results/filtered_sequences.fa
    resources: tmpdir=/tmp


        augur align             --sequences results/filtered_sequences.fa            --output results/aligned.fasta            --method mafft            --reference-sequence config/reference.gb            --fill-gaps            --remove-reference
        
[Fri Nov 29 00:15:51 2024]
Finished job 3.
2 of 9 steps (22%) done
Select jobs to execute...

[Fri Nov 29 00:15:51 2024]
rule build_tree:
    input: results/aligned.fasta
    output: results/raw_tree.nwk
    jobid: 6
    reason: Input files updated by another job: results/aligned.fasta
    resources: tmpdir=/tmp


        augur tree            --alignment results/aligned.fasta            --method iqtree            --output results/raw_tree.nwk
        
[Fri Nov 29 00:16:47 2024]
Finished job 6.
3 of 9 steps (33%) done
Select jobs to execute...

[Fri Nov 29 00:16:47 2024]
rule refining:
    input: results/aligned.fasta, results/raw_tree.nwk, results/filtered_metadata.tsv
    output: results/refined_tree.nwk, results/branch_lengths.json
    jobid: 2
    reason: Input files updated by another job: results/filtered_metadata.tsv, results/raw_tree.nwk, results/aligned.fasta
    resources: tmpdir=/tmp


        augur refine            --alignment results/aligned.fasta            --tree results/raw_tree.nwk            --metadata results/filtered_metadata.tsv            --metadata-id-columns 'Accession'            --output-tree results/refined_tree.nwk            --output-node-data results/branch_lengths.json            --timetree            --root 'min_dev'            --clock-rate 0.0004            --precision 3            --verbosity 2            --clock-filter-iqd 3            --branch-length-inference auto
        
[Fri Nov 29 00:19:36 2024]
Finished job 2.
4 of 9 steps (44%) done
Select jobs to execute...

[Fri Nov 29 00:19:36 2024]
rule find_ancestors:
    input: results/refined_tree.nwk, results/aligned.fasta
    output: results/ancestral_node_data.json, results/ancestral_sequence.fa
    jobid: 7
    reason: Input files updated by another job: results/aligned.fasta, results/refined_tree.nwk
    resources: tmpdir=/tmp


        augur ancestral            --tree results/refined_tree.nwk            --alignment results/aligned.fasta            --output-node-data results/ancestral_node_data.json            --output-sequences results/ancestral_sequence.fa            --inference joint
        

[Fri Nov 29 00:19:36 2024]
rule traits:
    input: results/refined_tree.nwk, results/filtered_metadata.tsv
    output: results/node_data.json
    jobid: 9
    reason: Input files updated by another job: results/filtered_metadata.tsv, results/refined_tree.nwk
    resources: tmpdir=/tmp


        augur traits            --tree results/refined_tree.nwk            --metadata results/filtered_metadata.tsv            --metadata-id-columns 'Accession'            --columns Country Host            --confidence            --output-node-data results/node_data.json
        
[Fri Nov 29 00:19:45 2024]
Finished job 9.
5 of 9 steps (56%) done
[Fri Nov 29 00:19:54 2024]
Finished job 7.
6 of 9 steps (67%) done
Select jobs to execute...

[Fri Nov 29 00:19:54 2024]
rule translating:
    input: results/refined_tree.nwk, results/ancestral_node_data.json, config/reference.gb
    output: results/translation_node_data.json
    jobid: 8
    reason: Input files updated by another job: results/ancestral_node_data.json, results/refined_tree.nwk
    resources: tmpdir=/tmp


        augur translate            --tree results/refined_tree.nwk            --ancestral-sequences results/ancestral_node_data.json            --reference-sequence config/reference.gb            --output-node-data results/translation_node_data.json        
[Fri Nov 29 00:19:56 2024]
Finished job 8.
7 of 9 steps (78%) done
Select jobs to execute...

[Fri Nov 29 00:19:56 2024]
rule export:
    input: results/refined_tree.nwk, results/filtered_metadata.tsv, results/branch_lengths.json, results/ancestral_node_data.json, results/translation_node_data.json, results/node_data.json, config/lat_longs.tsv
    output: auspice/wnv.json
    jobid: 1
    reason: Input files updated by another job: results/translation_node_data.json, results/branch_lengths.json, results/ancestral_node_data.json, results/filtered_metadata.tsv, results/node_data.json, results/refined_tree.nwk
    resources: tmpdir=/tmp


        augur export v2             --tree results/refined_tree.nwk             --metadata results/filtered_metadata.tsv             --metadata-id-columns 'Accession'            --node-data results/branch_lengths.json results/node_data.json results/ancestral_node_data.json results/translation_node_data.json            --include-root-sequence             --geo-resolution Country            --color-by Country Host            --lat-longs config/lat_longs.tsv            --output auspice/wnv.json
        
[Fri Nov 29 00:19:58 2024]
Finished job 1.
8 of 9 steps (89%) done
Select jobs to execute...

[Fri Nov 29 00:19:58 2024]
localrule all:
    input: auspice/wnv.json
    jobid: 0
    reason: Input files updated by another job: auspice/wnv.json
    resources: tmpdir=/tmp

[Fri Nov 29 00:19:58 2024]
Finished job 0.
9 of 9 steps (100%) done
Complete log: .snakemake/log/2024-11-29T001326.626443.snakemake.log
