Building DAG of jobs...
Using shell: /home/giacomo/.nextstrain/runtimes/conda/env/bin/bash
Provided cores: 4
Rules claiming more threads will be scaled down.
Job stats:
job               count
--------------  -------
aligning              1
all                   1
build_tree            1
export                1
filtering             1
find_ancestors        1
refining              1
traits                1
translating           1
total                 9

Select jobs to execute...

[Thu Nov 28 23:54:08 2024]
rule filtering:
    input: data/west-nile_nuc_2024-11-28T2226.fasta, results/index.tsv, data/west-nile_metadata_2024-11-28T2226.tsv
    output: results/filtered_sequences.fa, results/filtered_metadata.tsv
    jobid: 4
    reason: Missing output files: results/filtered_metadata.tsv, results/filtered_sequences.fa; Updated input files: results/index.tsv, data/west-nile_metadata_2024-11-28T2226.tsv, data/west-nile_nuc_2024-11-28T2226.fasta
    resources: tmpdir=/tmp


        augur filter             --sequences data/west-nile_nuc_2024-11-28T2226.fasta            --sequence-index results/index.tsv            --metadata data/west-nile_metadata_2024-11-28T2226.tsv            --metadata-id-columns 'accessionVersion'            --group-by geoLocCountry            --subsample-max-sequences 1000            --probabilistic-sampling            --output results/filtered_sequences.fa            --output-metadata results/filtered_metadata.tsv
        
[Thu Nov 28 23:54:09 2024]
Finished job 4.
1 of 9 steps (11%) done
Select jobs to execute...

[Thu Nov 28 23:54:09 2024]
rule aligning:
    input: results/filtered_sequences.fa, config/reference.gb
    output: results/aligned.fasta
    jobid: 3
    reason: Input files updated by another job: results/filtered_sequences.fa
    resources: tmpdir=/tmp


        augur align             --sequences results/filtered_sequences.fa            --output results/aligned.fasta            --method mafft            --reference-sequence config/reference.gb            --fill-gaps            --remove-reference
        
[Thu Nov 28 23:56:20 2024]
Finished job 3.
2 of 9 steps (22%) done
Select jobs to execute...

[Thu Nov 28 23:56:20 2024]
rule build_tree:
    input: results/aligned.fasta
    output: results/raw_tree.nwk
    jobid: 6
    reason: Input files updated by another job: results/aligned.fasta
    resources: tmpdir=/tmp


        augur tree            --alignment results/aligned.fasta            --method iqtree            --output results/raw_tree.nwk
        
[Thu Nov 28 23:57:22 2024]
Finished job 6.
3 of 9 steps (33%) done
Select jobs to execute...

[Thu Nov 28 23:57:22 2024]
rule refining:
    input: results/aligned.fasta, results/raw_tree.nwk, results/filtered_metadata.tsv
    output: results/refined_tree.nwk, results/branch_lengths.json
    jobid: 2
    reason: Input files updated by another job: results/filtered_metadata.tsv, results/raw_tree.nwk, results/aligned.fasta
    resources: tmpdir=/tmp


        augur refine            --alignment results/aligned.fasta            --tree results/raw_tree.nwk            --metadata results/filtered_metadata.tsv            --metadata-id-columns 'accessionVersion'            --output-tree results/refined_tree.nwk            --output-node-data results/branch_lengths.json            --timetree            --root 'min_dev'            --clock-rate 0.0004            --precision 3            --verbosity 2            --clock-filter-iqd 3            --branch-length-inference auto
        
[Thu Nov 28 23:57:23 2024]
Error in rule refining:
    jobid: 2
    input: results/aligned.fasta, results/raw_tree.nwk, results/filtered_metadata.tsv
    output: results/refined_tree.nwk, results/branch_lengths.json
    shell:
        
        augur refine            --alignment results/aligned.fasta            --tree results/raw_tree.nwk            --metadata results/filtered_metadata.tsv            --metadata-id-columns 'accessionVersion'            --output-tree results/refined_tree.nwk            --output-node-data results/branch_lengths.json            --timetree            --root 'min_dev'            --clock-rate 0.0004            --precision 3            --verbosity 2            --clock-filter-iqd 3            --branch-length-inference auto
        
        (one of the commands exited with non-zero exit code; note that snakemake uses bash strict mode!)

Shutting down, this might take some time.
Exiting because a job execution failed. Look above for error message
Complete log: .snakemake/log/2024-11-28T235408.254957.snakemake.log
